  [1m[35m (208.3ms)[0m  [1m[35mCREATE DATABASE "simple_blog_development" ENCODING = 'unicode'[0m
  [1m[35m (80.5ms)[0m  [1m[35mCREATE DATABASE "simple_blog_test" ENCODING = 'unicode'[0m
  [1m[35m (99.8ms)[0m  [1m[35mCREATE DATABASE "simple_blog_development" ENCODING = 'unicode'[0m
  [1m[35m (82.7ms)[0m  [1m[35mCREATE DATABASE "simple_blog_test" ENCODING = 'unicode'[0m
  [1m[35m (4.5ms)[0m  [1m[35mCREATE TABLE "schema_migrations" ("version" character varying NOT NULL PRIMARY KEY)[0m
  [1m[35m (2.2ms)[0m  [1m[35mCREATE TABLE "ar_internal_metadata" ("key" character varying NOT NULL PRIMARY KEY, "value" character varying, "created_at" timestamp(6) NOT NULL, "updated_at" timestamp(6) NOT NULL)[0m
  [1m[35m (0.1ms)[0m  [1m[34mSELECT pg_try_advisory_lock(935146934436817410)[0m
  [1m[36mActiveRecord::SchemaMigration Load (0.6ms)[0m  [1m[34mSELECT "schema_migrations"."version" FROM "schema_migrations" ORDER BY "schema_migrations"."version" ASC[0m
  [1m[36mActiveRecord::InternalMetadata Load (0.6ms)[0m  [1m[34mSELECT * FROM "ar_internal_metadata" WHERE "ar_internal_metadata"."key" = $1 ORDER BY "ar_internal_metadata"."key" ASC LIMIT 1[0m  [[nil, "environment"]]
  [1m[36mActiveRecord::InternalMetadata Create (0.7ms)[0m  [1m[32mINSERT INTO "ar_internal_metadata" ("key", "value", "created_at", "updated_at") VALUES ('environment', 'development', '2024-01-06 16:52:52.075155', '2024-01-06 16:52:52.075157') RETURNING "key"[0m
Migrating to DeviseCreateUsers (20240106164807)
  [1m[36mTRANSACTION (0.1ms)[0m  [1m[35mBEGIN[0m
  [1m[35m (3.6ms)[0m  [1m[35mCREATE TABLE "users" ("id" bigserial primary key, "email" character varying DEFAULT '' NOT NULL, "encrypted_password" character varying DEFAULT '' NOT NULL, "name" character varying, "reset_password_token" character varying, "reset_password_sent_at" timestamp(6), "remember_created_at" timestamp(6), "created_at" timestamp(6) NOT NULL, "updated_at" timestamp(6) NOT NULL)[0m
  [1m[35m (0.8ms)[0m  [1m[35mCREATE UNIQUE INDEX "index_users_on_email" ON "users" ("email")[0m
  [1m[35m (0.8ms)[0m  [1m[35mCREATE UNIQUE INDEX "index_users_on_reset_password_token" ON "users" ("reset_password_token")[0m
  [1m[36mActiveRecord::SchemaMigration Create (0.3ms)[0m  [1m[32mINSERT INTO "schema_migrations" ("version") VALUES ('20240106164807') RETURNING "version"[0m
  [1m[36mTRANSACTION (0.6ms)[0m  [1m[35mCOMMIT[0m
  [1m[35m (0.3ms)[0m  [1m[34mSELECT pg_advisory_unlock(935146934436817410)[0m
  [1m[36mActiveRecord::SchemaMigration Load (0.2ms)[0m  [1m[34mSELECT "schema_migrations"."version" FROM "schema_migrations" ORDER BY "schema_migrations"."version" ASC[0m
  [1m[35m (0.1ms)[0m  [1m[34mSELECT pg_try_advisory_lock(935146934436817410)[0m
  [1m[36mActiveRecord::SchemaMigration Load (0.5ms)[0m  [1m[34mSELECT "schema_migrations"."version" FROM "schema_migrations" ORDER BY "schema_migrations"."version" ASC[0m
  [1m[36mActiveRecord::InternalMetadata Load (0.9ms)[0m  [1m[34mSELECT * FROM "ar_internal_metadata" WHERE "ar_internal_metadata"."key" = $1 ORDER BY "ar_internal_metadata"."key" ASC LIMIT 1[0m  [[nil, "environment"]]
Migrating to CreatePosts (20240106170834)
  [1m[36mTRANSACTION (0.1ms)[0m  [1m[35mBEGIN[0m
  [1m[35m (6.5ms)[0m  [1m[35mCREATE TABLE "posts" ("id" bigserial primary key, "user_id" bigint NOT NULL, "title" character varying, "body" text, "created_at" timestamp(6) NOT NULL, "updated_at" timestamp(6) NOT NULL, CONSTRAINT "fk_rails_5b5ddfd518"
FOREIGN KEY ("user_id")
  REFERENCES "users" ("id")
)[0m
  [1m[35m (1.3ms)[0m  [1m[35mCREATE INDEX "index_posts_on_user_id" ON "posts" ("user_id")[0m
  [1m[36mActiveRecord::SchemaMigration Create (0.2ms)[0m  [1m[32mINSERT INTO "schema_migrations" ("version") VALUES ('20240106170834') RETURNING "version"[0m
  [1m[36mTRANSACTION (0.5ms)[0m  [1m[35mCOMMIT[0m
  [1m[35m (0.3ms)[0m  [1m[34mSELECT pg_advisory_unlock(935146934436817410)[0m
  [1m[36mActiveRecord::SchemaMigration Load (0.2ms)[0m  [1m[34mSELECT "schema_migrations"."version" FROM "schema_migrations" ORDER BY "schema_migrations"."version" ASC[0m
Started GET "/" for ::1 at 2024-01-06 18:20:47 +0100
  [1m[36mActiveRecord::SchemaMigration Load (0.5ms)[0m  [1m[34mSELECT "schema_migrations"."version" FROM "schema_migrations" ORDER BY "schema_migrations"."version" ASC[0m
Processing by PostsController#index as HTML
Completed 500 Internal Server Error in 10ms (ActiveRecord: 0.0ms | Allocations: 3343)


  
NameError (undefined local variable or method `description' for class Post):
  
app/models/post.rb:4:in `<class:Post>'
app/models/post.rb:1:in `<main>'
app/controllers/posts_controller.rb:6:in `index'
Started GET "/" for ::1 at 2024-01-06 18:21:11 +0100
Processing by PostsController#index as HTML
Completed 500 Internal Server Error in 2ms (ActiveRecord: 0.0ms | Allocations: 1164)


  
NameError (undefined local variable or method `body' for class Post):
  
app/models/post.rb:4:in `<class:Post>'
app/models/post.rb:1:in `<main>'
app/controllers/posts_controller.rb:6:in `index'
Started GET "/" for ::1 at 2024-01-06 18:21:22 +0100
Processing by PostsController#index as HTML
  Rendering layout layouts/application.html.erb
  Rendering posts/index.html.erb within layouts/application
  [1m[36mPost Load (0.6ms)[0m  [1m[34mSELECT "posts".* FROM "posts"[0m
  ↳ app/views/posts/index.html.erb:6
  Rendered posts/index.html.erb within layouts/application (Duration: 12.0ms | Allocations: 3796)
  Rendered layout layouts/application.html.erb (Duration: 1116.9ms | Allocations: 99604)
Completed 200 OK in 1133ms (Views: 1113.1ms | ActiveRecord: 5.3ms | Allocations: 104235)


Started GET "/posts/new" for ::1 at 2024-01-06 18:21:29 +0100
Processing by PostsController#new as HTML
  Rendering layout layouts/application.html.erb
  Rendering posts/new.html.erb within layouts/application
  Rendered posts/_form.html.erb (Duration: 15.8ms | Allocations: 5371)
  Rendered posts/new.html.erb within layouts/application (Duration: 16.5ms | Allocations: 5660)
  Rendered layout layouts/application.html.erb (Duration: 18.5ms | Allocations: 6757)
Completed 200 OK in 42ms (Views: 18.9ms | ActiveRecord: 6.4ms | Allocations: 16135)


Started GET "/posts" for ::1 at 2024-01-06 18:21:34 +0100
Processing by PostsController#index as HTML
  Rendering layout layouts/application.html.erb
  Rendering posts/index.html.erb within layouts/application
  [1m[36mPost Load (0.5ms)[0m  [1m[34mSELECT "posts".* FROM "posts"[0m
  ↳ app/views/posts/index.html.erb:6
  Rendered posts/index.html.erb within layouts/application (Duration: 1.4ms | Allocations: 639)
  Rendered layout layouts/application.html.erb (Duration: 2.7ms | Allocations: 1728)
Completed 200 OK in 3ms (Views: 2.4ms | ActiveRecord: 0.5ms | Allocations: 1984)


Started GET "/posts/new" for ::1 at 2024-01-06 18:21:40 +0100
Processing by PostsController#new as HTML
  Rendering layout layouts/application.html.erb
  Rendering posts/new.html.erb within layouts/application
  Rendered posts/_form.html.erb (Duration: 1.4ms | Allocations: 932)
  Rendered posts/new.html.erb within layouts/application (Duration: 1.6ms | Allocations: 1011)
  Rendered layout layouts/application.html.erb (Duration: 2.9ms | Allocations: 2108)
Completed 200 OK in 4ms (Views: 3.2ms | ActiveRecord: 0.0ms | Allocations: 2371)


Started GET "/posts" for ::1 at 2024-01-06 18:21:45 +0100
Processing by PostsController#index as HTML
  Rendering layout layouts/application.html.erb
  Rendering posts/index.html.erb within layouts/application
  [1m[36mPost Load (0.3ms)[0m  [1m[34mSELECT "posts".* FROM "posts"[0m
  ↳ app/views/posts/index.html.erb:6
  Rendered posts/index.html.erb within layouts/application (Duration: 1.4ms | Allocations: 633)
  Rendered layout layouts/application.html.erb (Duration: 3.0ms | Allocations: 1722)
Completed 200 OK in 4ms (Views: 3.0ms | ActiveRecord: 0.3ms | Allocations: 1984)


  [1m[36mActiveRecord::SchemaMigration Load (0.6ms)[0m  [1m[34mSELECT "schema_migrations"."version" FROM "schema_migrations" ORDER BY "schema_migrations"."version" ASC[0m
  [1m[36mActiveRecord::SchemaMigration Load (0.4ms)[0m  [1m[34mSELECT "schema_migrations"."version" FROM "schema_migrations" ORDER BY "schema_migrations"."version" ASC[0m
  [1m[36mTRANSACTION (0.1ms)[0m  [1m[35mBEGIN[0m
  [1m[36mUser Exists? (2.8ms)[0m  [1m[34mSELECT 1 AS one FROM "users" WHERE "users"."email" = $1 LIMIT $2[0m  [["email", "sean@example.com"], ["LIMIT", 1]]
  [1m[36mUser Create (0.7ms)[0m  [1m[32mINSERT INTO "users" ("email", "encrypted_password", "name", "reset_password_token", "reset_password_sent_at", "remember_created_at", "created_at", "updated_at") VALUES ($1, $2, $3, $4, $5, $6, $7, $8) RETURNING "id"[0m  [["email", "sean@example.com"], ["encrypted_password", "[FILTERED]"], ["name", "Sean"], ["reset_password_token", "[FILTERED]"], ["reset_password_sent_at", "[FILTERED]"], ["remember_created_at", nil], ["created_at", "2024-01-06 17:28:56.889420"], ["updated_at", "2024-01-06 17:28:56.889420"]]
  [1m[36mTRANSACTION (0.5ms)[0m  [1m[35mCOMMIT[0m
Started GET "/" for ::1 at 2024-01-06 20:27:31 +0100
  [1m[36mActiveRecord::SchemaMigration Load (0.6ms)[0m  [1m[34mSELECT "schema_migrations"."version" FROM "schema_migrations" ORDER BY "schema_migrations"."version" ASC[0m
Processing by PostsController#index as HTML
  Rendering layout layouts/application.html.erb
  Rendering posts/index.html.erb within layouts/application
  [1m[36mPost Load (0.5ms)[0m  [1m[34mSELECT "posts".* FROM "posts"[0m
  ↳ app/views/posts/index.html.erb:6
  Rendered posts/index.html.erb within layouts/application (Duration: 20.7ms | Allocations: 5204)
  Rendered layout layouts/application.html.erb (Duration: 78.1ms | Allocations: 41756)
Completed 500 Internal Server Error in 318ms (ActiveRecord: 4.7ms | Allocations: 328013)


  
ActionView::Template::Error (Missing partial posts/_nav, application/_nav with {:locale=>[:en], :formats=>[:html], :variants=>[], :handlers=>[:raw, :erb, :html, :builder, :ruby, :jbuilder]}.

Searched in:
  * "/Users/sean/src/project-templates/simple-blog/app/views"
  * "/Users/sean/.rbenv/versions/3.3.0/lib/ruby/gems/3.3.0/gems/devise-4.9.3/app/views"
  * "/Users/sean/.rbenv/versions/3.3.0/lib/ruby/gems/3.3.0/gems/turbo-rails-1.5.0/app/views"
  * "/Users/sean/.rbenv/versions/3.3.0/lib/ruby/gems/3.3.0/gems/actiontext-7.1.2/app/views"
  * "/Users/sean/.rbenv/versions/3.3.0/lib/ruby/gems/3.3.0/gems/actionmailbox-7.1.2/app/views"
):
    17:         <%= msg %>
    18:       </div>
    19:     <% end %>
    20:     <%= render partial: 'nav' %>
    21:     <%= yield %>
    22:   </body>
    23: </html>
  
app/views/layouts/application.html.erb:20
Started GET "/" for ::1 at 2024-01-06 20:28:00 +0100
Processing by PostsController#index as HTML
  Rendering layout layouts/application.html.erb
  Rendering posts/index.html.erb within layouts/application
  [1m[36mPost Load (0.4ms)[0m  [1m[34mSELECT "posts".* FROM "posts"[0m
  ↳ app/views/posts/index.html.erb:6
  Rendered posts/index.html.erb within layouts/application (Duration: 1.6ms | Allocations: 939)
  Rendered layouts/_nav.html.erb (Duration: 1.0ms | Allocations: 1272)
  Rendered layout layouts/application.html.erb (Duration: 13.6ms | Allocations: 17758)
Completed 500 Internal Server Error in 17ms (ActiveRecord: 0.4ms | Allocations: 19839)


  
ActionView::Template::Error (undefined local variable or method `about_path' for an instance of #<Class:0x00000001248d5020>):
    1: <nav>
    2:   <%= link_to 'Home', posts_path %>
    3:   <%= link_to 'About', about_path %>
    4:   <% unless current_user %>
    5:     <%= link_to 'Sign In', new_user_session_path %>
    6:   <% end %>
  
app/views/layouts/_nav.html.erb:3
app/views/layouts/application.html.erb:20
Started GET "/" for ::1 at 2024-01-06 20:28:25 +0100
Processing by PostsController#index as HTML
  Rendering layout layouts/application.html.erb
  Rendering posts/index.html.erb within layouts/application
  [1m[36mPost Load (0.3ms)[0m  [1m[34mSELECT "posts".* FROM "posts"[0m
  ↳ app/views/posts/index.html.erb:6
  Rendered posts/index.html.erb within layouts/application (Duration: 1.5ms | Allocations: 936)
  Rendered layouts/_nav.html.erb (Duration: 2.1ms | Allocations: 409)
  Rendered layout layouts/application.html.erb (Duration: 14.4ms | Allocations: 16891)
Completed 200 OK in 18ms (Views: 15.4ms | ActiveRecord: 0.3ms | Allocations: 19028)


Started GET "/" for ::1 at 2024-01-06 21:06:30 +0100
Processing by PostsController#index as HTML
  Rendering layout layouts/application.html.erb
  Rendering posts/index.html.erb within layouts/application
  [1m[36mPost Load (0.6ms)[0m  [1m[34mSELECT "posts".* FROM "posts"[0m
  ↳ app/views/posts/index.html.erb:6
  Rendered posts/index.html.erb within layouts/application (Duration: 11.2ms | Allocations: 3647)
  Rendered layouts/_nav.html.erb (Duration: 0.7ms | Allocations: 319)
  Rendered layout layouts/application.html.erb (Duration: 25.7ms | Allocations: 19512)
Completed 200 OK in 29ms (Views: 22.6ms | ActiveRecord: 4.5ms | Allocations: 21613)


Started GET "/" for ::1 at 2024-01-06 21:06:49 +0100
Processing by PostsController#index as HTML
  Rendering layout layouts/application.html.erb
  Rendering posts/index.html.erb within layouts/application
  [1m[36mPost Load (0.3ms)[0m  [1m[34mSELECT "posts".* FROM "posts"[0m
  ↳ app/views/posts/index.html.erb:6
  Rendered posts/index.html.erb within layouts/application (Duration: 2.4ms | Allocations: 951)
  Rendered layouts/_nav.html.erb (Duration: 1.3ms | Allocations: 319)
  Rendered layouts/_header.html.erb (Duration: 2.9ms | Allocations: 568)
  Rendered layout layouts/application.html.erb (Duration: 47.8ms | Allocations: 16980)
Completed 200 OK in 53ms (Views: 49.5ms | ActiveRecord: 0.3ms | Allocations: 19078)


Started GET "/about/index" for ::1 at 2024-01-06 21:07:07 +0100
Processing by AboutController#index as HTML
  Rendering layout layouts/application.html.erb
  Rendering about/index.html.erb within layouts/application
  Rendered about/index.html.erb within layouts/application (Duration: 0.3ms | Allocations: 95)
  Rendered layouts/_nav.html.erb (Duration: 0.2ms | Allocations: 142)
  Rendered layouts/_header.html.erb (Duration: 0.3ms | Allocations: 211)
  Rendered layout layouts/application.html.erb (Duration: 2.3ms | Allocations: 1663)
Completed 200 OK in 4ms (Views: 3.1ms | ActiveRecord: 0.0ms | Allocations: 2187)


Started GET "/posts" for ::1 at 2024-01-06 21:07:15 +0100
Processing by PostsController#index as HTML
  Rendering layout layouts/application.html.erb
  Rendering posts/index.html.erb within layouts/application
  [1m[36mPost Load (0.3ms)[0m  [1m[34mSELECT "posts".* FROM "posts"[0m
  ↳ app/views/posts/index.html.erb:6
  Rendered posts/index.html.erb within layouts/application (Duration: 1.2ms | Allocations: 633)
  Rendered layouts/_nav.html.erb (Duration: 0.2ms | Allocations: 122)
  Rendered layouts/_header.html.erb (Duration: 0.3ms | Allocations: 191)
  Rendered layout layouts/application.html.erb (Duration: 2.9ms | Allocations: 1976)
Completed 200 OK in 4ms (Views: 2.9ms | ActiveRecord: 0.3ms | Allocations: 2232)


Started GET "/users/sign_in" for ::1 at 2024-01-06 21:07:17 +0100
Processing by Devise::SessionsController#new as HTML
  Rendering layout layouts/application.html.erb
  Rendering devise/sessions/new.html.erb within layouts/application
  Rendered devise/shared/_links.html.erb (Duration: 1.1ms | Allocations: 663)
  Rendered devise/sessions/new.html.erb within layouts/application (Duration: 13.3ms | Allocations: 3942)
  Rendered layouts/_nav.html.erb (Duration: 0.2ms | Allocations: 116)
  Rendered layouts/_header.html.erb (Duration: 0.3ms | Allocations: 187)
  Rendered layout layouts/application.html.erb (Duration: 15.4ms | Allocations: 5358)
Completed 200 OK in 47ms (Views: 17.5ms | ActiveRecord: 7.5ms | Allocations: 19630)


Started GET "/users/sign_in" for ::1 at 2024-01-06 21:15:37 +0100
Processing by Devise::SessionsController#new as HTML
  Rendering layout layouts/application.html.erb
  Rendering devise/sessions/new.html.erb within layouts/application
  Rendered devise/shared/_links.html.erb (Duration: 0.8ms | Allocations: 642)
  Rendered devise/sessions/new.html.erb within layouts/application (Duration: 2.7ms | Allocations: 1953)
  Rendered layout layouts/application.html.erb (Duration: 12.6ms | Allocations: 17306)
Completed 200 OK in 27ms (Views: 14.9ms | ActiveRecord: 4.1ms | Allocations: 25264)


Started GET "/" for ::1 at 2024-01-06 21:15:44 +0100
Processing by PostsController#index as HTML
  Rendering layout layouts/application.html.erb
  Rendering posts/index.html.erb within layouts/application
  Rendered layouts/_nav.html.erb (Duration: 0.7ms | Allocations: 351)
  Rendered layouts/_header.html.erb (Duration: 2.2ms | Allocations: 632)
  [1m[36mPost Load (0.8ms)[0m  [1m[34mSELECT "posts".* FROM "posts"[0m
  ↳ app/views/posts/index.html.erb:9
  Rendered posts/index.html.erb within layouts/application (Duration: 5.1ms | Allocations: 1754)
  Rendered layout layouts/application.html.erb (Duration: 7.0ms | Allocations: 2937)
Completed 200 OK in 11ms (Views: 7.8ms | ActiveRecord: 0.8ms | Allocations: 4592)


Started GET "/" for ::1 at 2024-01-06 21:25:00 +0100
Processing by PostsController#index as HTML
  Rendering layout layouts/application.html.erb
  Rendering posts/index.html.erb within layouts/application
  Rendered layouts/_nav.html.erb (Duration: 0.6ms | Allocations: 357)
  Rendered layouts/_header.html.erb (Duration: 1.1ms | Allocations: 635)
  [1m[36mPost Load (9.0ms)[0m  [1m[34mSELECT "posts".* FROM "posts"[0m
  ↳ app/views/posts/index.html.erb:6
  Rendered posts/index.html.erb within layouts/application (Duration: 11.9ms | Allocations: 4377)
  Rendered layout layouts/application.html.erb (Duration: 23.2ms | Allocations: 19774)
Completed 200 OK in 27ms (Views: 11.6ms | ActiveRecord: 13.0ms | Allocations: 21873)


Started GET "/about/index" for ::1 at 2024-01-06 21:25:02 +0100
Processing by AboutController#index as HTML
  Rendering layout layouts/application.html.erb
  Rendering about/index.html.erb within layouts/application
  Rendered layouts/_nav.html.erb (Duration: 0.5ms | Allocations: 335)
  Rendered layouts/_header.html.erb (Duration: 0.7ms | Allocations: 406)
  Rendered about/index.html.erb within layouts/application (Duration: 1.4ms | Allocations: 999)
  Rendered layout layouts/application.html.erb (Duration: 3.1ms | Allocations: 2113)
Completed 200 OK in 5ms (Views: 4.0ms | ActiveRecord: 0.0ms | Allocations: 2598)


Started GET "/about/index" for ::1 at 2024-01-06 21:27:34 +0100
Processing by AboutController#index as HTML
  Rendering layout layouts/application.html.erb
  Rendering about/index.html.erb within layouts/application
  Rendered layouts/_nav.html.erb (Duration: 0.7ms | Allocations: 532)
  Rendered layouts/_header.html.erb (Duration: 1.3ms | Allocations: 810)
  Rendered about/index.html.erb within layouts/application (Duration: 1.9ms | Allocations: 1087)
  Rendered layout layouts/application.html.erb (Duration: 13.4ms | Allocations: 16492)
Completed 200 OK in 16ms (Views: 14.7ms | ActiveRecord: 0.0ms | Allocations: 17600)


Started GET "/about/index" for ::1 at 2024-01-06 21:27:49 +0100
Processing by AboutController#index as HTML
  Rendering layout layouts/application.html.erb
  Rendering about/index.html.erb within layouts/application
  Rendered layouts/_nav.html.erb (Duration: 0.8ms | Allocations: 538)
  Rendered layouts/_header.html.erb (Duration: 1.4ms | Allocations: 816)
  Rendered about/index.html.erb within layouts/application (Duration: 2.1ms | Allocations: 1075)
  Rendered layout layouts/application.html.erb (Duration: 14.2ms | Allocations: 16399)
Completed 200 OK in 17ms (Views: 15.5ms | ActiveRecord: 0.0ms | Allocations: 17504)


Started GET "/about/index" for ::1 at 2024-01-06 21:27:56 +0100
Processing by AboutController#index as HTML
  Rendering layout layouts/application.html.erb
  Rendering about/index.html.erb within layouts/application
  Rendered layouts/_nav.html.erb (Duration: 0.4ms | Allocations: 310)
  Rendered layouts/_header.html.erb (Duration: 0.6ms | Allocations: 381)
  Rendered about/index.html.erb within layouts/application (Duration: 0.7ms | Allocations: 451)
  Rendered layout layouts/application.html.erb (Duration: 2.2ms | Allocations: 1551)
Completed 200 OK in 3ms (Views: 2.6ms | ActiveRecord: 0.0ms | Allocations: 1797)


Started GET "/posts" for ::1 at 2024-01-06 21:42:22 +0100
Processing by PostsController#index as HTML
  Rendering layout layouts/application.html.erb
  Rendering posts/index.html.erb within layouts/application
  Rendered layouts/_nav.html.erb (Duration: 0.5ms | Allocations: 357)
  Rendered layouts/_header.html.erb (Duration: 1.1ms | Allocations: 635)
  [1m[36mPost Load (0.5ms)[0m  [1m[34mSELECT "posts".* FROM "posts"[0m
  ↳ app/views/posts/index.html.erb:6
  Rendered posts/index.html.erb within layouts/application (Duration: 12.1ms | Allocations: 4415)
  Rendered layout layouts/application.html.erb (Duration: 23.2ms | Allocations: 19814)
Completed 200 OK in 27ms (Views: 20.0ms | ActiveRecord: 4.6ms | Allocations: 21919)


Started GET "/posts" for ::1 at 2024-01-06 21:43:05 +0100
Processing by PostsController#index as HTML
  Rendering layout layouts/application.html.erb
  Rendering posts/index.html.erb within layouts/application
  Rendered layouts/_nav.html.erb (Duration: 0.5ms | Allocations: 357)
  Rendered layouts/_header.html.erb (Duration: 1.0ms | Allocations: 635)
  [1m[36mPost Load (0.4ms)[0m  [1m[34mSELECT "posts".* FROM "posts"[0m
  ↳ app/views/posts/index.html.erb:6
  Rendered posts/index.html.erb within layouts/application (Duration: 2.9ms | Allocations: 1683)
  Rendered layout layouts/application.html.erb (Duration: 14.0ms | Allocations: 16996)
Completed 200 OK in 18ms (Views: 15.1ms | ActiveRecord: 0.4ms | Allocations: 19093)


Started GET "/posts" for ::1 at 2024-01-06 21:43:26 +0100
Processing by PostsController#index as HTML
  Rendering layout layouts/application.html.erb
  Rendering posts/index.html.erb within layouts/application
  Rendered layouts/_nav.html.erb (Duration: 0.5ms | Allocations: 357)
  Rendered layouts/_header.html.erb (Duration: 1.1ms | Allocations: 635)
  [1m[36mPost Load (0.3ms)[0m  [1m[34mSELECT "posts".* FROM "posts"[0m
  ↳ app/views/posts/index.html.erb:6
  Rendered posts/index.html.erb within layouts/application (Duration: 3.0ms | Allocations: 1691)
  Rendered layout layouts/application.html.erb (Duration: 14.6ms | Allocations: 17090)
Completed 200 OK in 19ms (Views: 15.7ms | ActiveRecord: 0.3ms | Allocations: 19192)


Started GET "/users/sign_in" for ::1 at 2024-01-06 21:44:23 +0100
Processing by Devise::SessionsController#new as HTML
  Rendering layout layouts/application.html.erb
  Rendering devise/sessions/new.html.erb within layouts/application
  Rendered devise/shared/_links.html.erb (Duration: 0.8ms | Allocations: 642)
  Rendered devise/sessions/new.html.erb within layouts/application (Duration: 2.4ms | Allocations: 1953)
  Rendered layout layouts/application.html.erb (Duration: 10.8ms | Allocations: 17251)
Completed 200 OK in 21ms (Views: 12.6ms | ActiveRecord: 4.4ms | Allocations: 22944)


Started GET "/users/sign_in" for ::1 at 2024-01-06 21:45:42 +0100
Processing by Devise::SessionsController#new as HTML
  Rendering layout layouts/application.html.erb
  Rendering devise/sessions/new.html.erb within layouts/application
  Rendered devise/sessions/new.html.erb within layouts/application (Duration: 1.6ms | Allocations: 1175)
  Rendered layout layouts/application.html.erb (Duration: 12.7ms | Allocations: 16560)
Completed 200 OK in 22ms (Views: 15.1ms | ActiveRecord: 2.6ms | Allocations: 22140)


Started GET "/users/sign_in" for ::1 at 2024-01-06 21:47:13 +0100
Processing by Devise::SessionsController#new as HTML
  Rendering layout layouts/application.html.erb
  Rendering devise/sessions/new.html.erb within layouts/application
  Rendered devise/sessions/new.html.erb within layouts/application (Duration: 1.5ms | Allocations: 1214)
  Rendered layout layouts/application.html.erb (Duration: 11.5ms | Allocations: 16512)
Completed 200 OK in 20ms (Views: 13.7ms | ActiveRecord: 2.1ms | Allocations: 22068)


Started GET "/users/sign_in" for ::1 at 2024-01-06 21:47:35 +0100
Processing by Devise::SessionsController#new as HTML
  Rendering layout layouts/application.html.erb
  Rendering devise/sessions/new.html.erb within layouts/application
  Rendered devise/sessions/new.html.erb within layouts/application (Duration: 1.6ms | Allocations: 1217)
  Rendered layout layouts/application.html.erb (Duration: 13.6ms | Allocations: 16602)
Completed 200 OK in 25ms (Views: 16.5ms | ActiveRecord: 3.0ms | Allocations: 22192)


Started GET "/" for ::1 at 2024-01-06 21:47:44 +0100
Processing by PostsController#index as HTML
  Rendering layout layouts/application.html.erb
  Rendering posts/index.html.erb within layouts/application
  Rendered layouts/_nav.html.erb (Duration: 0.6ms | Allocations: 350)
  Rendered layouts/_header.html.erb (Duration: 1.2ms | Allocations: 628)
  [1m[36mPost Load (0.3ms)[0m  [1m[34mSELECT "posts".* FROM "posts"[0m
  ↳ app/views/posts/index.html.erb:6
  Rendered posts/index.html.erb within layouts/application (Duration: 3.2ms | Allocations: 1664)
  Rendered layout layouts/application.html.erb (Duration: 4.6ms | Allocations: 2841)
Completed 200 OK in 9ms (Views: 5.5ms | ActiveRecord: 0.3ms | Allocations: 4497)


Started GET "/about/index" for ::1 at 2024-01-06 21:47:48 +0100
Processing by AboutController#index as HTML
  Rendering layout layouts/application.html.erb
  Rendering about/index.html.erb within layouts/application
  Rendered layouts/_nav.html.erb (Duration: 0.5ms | Allocations: 317)
  Rendered layouts/_header.html.erb (Duration: 0.6ms | Allocations: 388)
  Rendered about/index.html.erb within layouts/application (Duration: 1.1ms | Allocations: 570)
  Rendered layout layouts/application.html.erb (Duration: 2.6ms | Allocations: 1684)
Completed 200 OK in 4ms (Views: 3.5ms | ActiveRecord: 0.0ms | Allocations: 2169)


Started GET "/users/sign_in" for ::1 at 2024-01-06 21:48:04 +0100
Processing by Devise::SessionsController#new as HTML
  Rendering layout layouts/application.html.erb
  Rendering devise/sessions/new.html.erb within layouts/application
  Rendered devise/sessions/new.html.erb within layouts/application (Duration: 1.6ms | Allocations: 1214)
  Rendered layout layouts/application.html.erb (Duration: 12.6ms | Allocations: 16602)
Completed 200 OK in 22ms (Views: 15.0ms | ActiveRecord: 2.6ms | Allocations: 22178)


Started POST "/users/sign_in" for ::1 at 2024-01-06 21:48:37 +0100
Processing by Devise::SessionsController#create as TURBO_STREAM
  Parameters: {"authenticity_token"=>"[FILTERED]", "user"=>{"email"=>"sean@example.com", "password"=>"[FILTERED]", "remember_me"=>"0"}, "commit"=>"Log in"}
  [1m[36mUser Load (0.5ms)[0m  [1m[34mSELECT "users".* FROM "users" WHERE "users"."email" = $1 ORDER BY "users"."id" ASC LIMIT $2[0m  [["email", "sean@example.com"], ["LIMIT", 1]]
Redirected to http://localhost:3000/
Completed 303 See Other in 206ms (ActiveRecord: 0.6ms | Allocations: 5572)


Started GET "/" for ::1 at 2024-01-06 21:48:37 +0100
Processing by PostsController#index as TURBO_STREAM
  Rendering layout layouts/application.html.erb
  Rendering posts/index.html.erb within layouts/application
  [1m[36mUser Load (0.2ms)[0m  [1m[34mSELECT "users".* FROM "users" WHERE "users"."id" = $1 ORDER BY "users"."id" ASC LIMIT $2[0m  [["id", 1], ["LIMIT", 1]]
  ↳ app/views/layouts/_nav.html.erb:4
  Rendered layouts/_nav.html.erb (Duration: 2.0ms | Allocations: 952)
  Rendered layouts/_header.html.erb (Duration: 2.4ms | Allocations: 1230)
  [1m[36mPost Load (0.2ms)[0m  [1m[34mSELECT "posts".* FROM "posts"[0m
  ↳ app/views/posts/index.html.erb:6
  Rendered posts/index.html.erb within layouts/application (Duration: 4.6ms | Allocations: 2352)
  Rendered layout layouts/application.html.erb (Duration: 5.9ms | Allocations: 3542)
Completed 200 OK in 9ms (Views: 6.6ms | ActiveRecord: 0.4ms | Allocations: 5244)


Started GET "/" for ::1 at 2024-01-06 21:51:44 +0100
Processing by PostsController#index as HTML
  Rendering layout layouts/application.html.erb
  Rendering posts/index.html.erb within layouts/application
  [1m[36mUser Load (0.2ms)[0m  [1m[34mSELECT "users".* FROM "users" WHERE "users"."id" = $1 ORDER BY "users"."id" ASC LIMIT $2[0m  [["id", 1], ["LIMIT", 1]]
  ↳ app/views/layouts/_nav.html.erb:4
  Rendered layouts/_nav.html.erb (Duration: 8.9ms | Allocations: 5032)
  Rendered layouts/_header.html.erb (Duration: 9.5ms | Allocations: 5310)
  [1m[36mPost Load (0.1ms)[0m  [1m[34mSELECT "posts".* FROM "posts"[0m
  ↳ app/views/posts/index.html.erb:6
  Rendered posts/index.html.erb within layouts/application (Duration: 11.3ms | Allocations: 6374)
  Rendered layout layouts/application.html.erb (Duration: 22.7ms | Allocations: 21705)
Completed 200 OK in 27ms (Views: 21.5ms | ActiveRecord: 2.7ms | Allocations: 23806)


Started GET "/" for ::1 at 2024-01-06 21:51:51 +0100
Processing by PostsController#index as HTML
  Rendering layout layouts/application.html.erb
  Rendering posts/index.html.erb within layouts/application
  [1m[36mUser Load (0.2ms)[0m  [1m[34mSELECT "users".* FROM "users" WHERE "users"."id" = $1 ORDER BY "users"."id" ASC LIMIT $2[0m  [["id", 1], ["LIMIT", 1]]
  ↳ app/views/layouts/_nav.html.erb:4
  Rendered layouts/_nav.html.erb (Duration: 1.5ms | Allocations: 717)
  Rendered layouts/_header.html.erb (Duration: 1.6ms | Allocations: 788)
  [1m[36mPost Load (0.1ms)[0m  [1m[34mSELECT "posts".* FROM "posts"[0m
  ↳ app/views/posts/index.html.erb:6
  Rendered posts/index.html.erb within layouts/application (Duration: 2.6ms | Allocations: 1491)
  Rendered layout layouts/application.html.erb (Duration: 4.0ms | Allocations: 2582)
Completed 200 OK in 5ms (Views: 4.2ms | ActiveRecord: 0.3ms | Allocations: 2836)


Started GET "/" for ::1 at 2024-01-06 21:52:28 +0100
Processing by PostsController#index as HTML
  Rendering layout layouts/application.html.erb
  Rendering posts/index.html.erb within layouts/application
  [1m[36mUser Load (0.1ms)[0m  [1m[34mSELECT "users".* FROM "users" WHERE "users"."id" = $1 ORDER BY "users"."id" ASC LIMIT $2[0m  [["id", 1], ["LIMIT", 1]]
  ↳ app/views/layouts/_nav.html.erb:4
  Rendered layouts/_nav.html.erb (Duration: 7.4ms | Allocations: 5210)
  Rendered layouts/_header.html.erb (Duration: 8.0ms | Allocations: 5488)
  [1m[36mPost Load (0.1ms)[0m  [1m[34mSELECT "posts".* FROM "posts"[0m
  ↳ app/views/posts/index.html.erb:4
  Rendered posts/index.html.erb within layouts/application (Duration: 9.4ms | Allocations: 6318)
  Rendered layout layouts/application.html.erb (Duration: 26.3ms | Allocations: 21707)
Completed 200 OK in 30ms (Views: 25.4ms | ActiveRecord: 2.4ms | Allocations: 23805)


Started GET "/about/index" for ::1 at 2024-01-06 21:52:44 +0100
Processing by AboutController#index as HTML
  Rendering layout layouts/application.html.erb
  Rendering about/index.html.erb within layouts/application
  [1m[36mUser Load (0.2ms)[0m  [1m[34mSELECT "users".* FROM "users" WHERE "users"."id" = $1 ORDER BY "users"."id" ASC LIMIT $2[0m  [["id", 1], ["LIMIT", 1]]
  ↳ app/views/layouts/_nav.html.erb:4
  Rendered layouts/_nav.html.erb (Duration: 1.7ms | Allocations: 922)
  Rendered layouts/_header.html.erb (Duration: 1.8ms | Allocations: 993)
  Rendered about/index.html.erb within layouts/application (Duration: 2.2ms | Allocations: 1176)
  Rendered layout layouts/application.html.erb (Duration: 3.8ms | Allocations: 2292)
Completed 200 OK in 5ms (Views: 4.4ms | ActiveRecord: 0.2ms | Allocations: 2777)


Started GET "/posts" for ::1 at 2024-01-06 21:52:46 +0100
Processing by PostsController#index as HTML
  Rendering layout layouts/application.html.erb
  Rendering posts/index.html.erb within layouts/application
  [1m[36mUser Load (0.2ms)[0m  [1m[34mSELECT "users".* FROM "users" WHERE "users"."id" = $1 ORDER BY "users"."id" ASC LIMIT $2[0m  [["id", 1], ["LIMIT", 1]]
  ↳ app/views/layouts/_nav.html.erb:4
  Rendered layouts/_nav.html.erb (Duration: 1.8ms | Allocations: 909)
  Rendered layouts/_header.html.erb (Duration: 1.9ms | Allocations: 980)
  [1m[36mPost Load (0.4ms)[0m  [1m[34mSELECT "posts".* FROM "posts"[0m
  ↳ app/views/posts/index.html.erb:4
  Rendered posts/index.html.erb within layouts/application (Duration: 3.0ms | Allocations: 1467)
  Rendered layout layouts/application.html.erb (Duration: 4.8ms | Allocations: 2567)
Completed 200 OK in 6ms (Views: 4.6ms | ActiveRecord: 0.6ms | Allocations: 2823)


Started GET "/about/index" for ::1 at 2024-01-06 21:52:48 +0100
Processing by AboutController#index as HTML
  Rendering layout layouts/application.html.erb
  Rendering about/index.html.erb within layouts/application
  [1m[36mUser Load (0.2ms)[0m  [1m[34mSELECT "users".* FROM "users" WHERE "users"."id" = $1 ORDER BY "users"."id" ASC LIMIT $2[0m  [["id", 1], ["LIMIT", 1]]
  ↳ app/views/layouts/_nav.html.erb:4
  Rendered layouts/_nav.html.erb (Duration: 2.1ms | Allocations: 909)
  Rendered layouts/_header.html.erb (Duration: 2.2ms | Allocations: 980)
  Rendered about/index.html.erb within layouts/application (Duration: 2.4ms | Allocations: 1050)
  Rendered layout layouts/application.html.erb (Duration: 4.3ms | Allocations: 2157)
Completed 200 OK in 5ms (Views: 4.6ms | ActiveRecord: 0.1ms | Allocations: 2403)


Started GET "/posts" for ::1 at 2024-01-06 21:52:48 +0100
Processing by PostsController#index as HTML
  Rendering layout layouts/application.html.erb
  Rendering posts/index.html.erb within layouts/application
  [1m[36mUser Load (0.1ms)[0m  [1m[34mSELECT "users".* FROM "users" WHERE "users"."id" = $1 ORDER BY "users"."id" ASC LIMIT $2[0m  [["id", 1], ["LIMIT", 1]]
  ↳ app/views/layouts/_nav.html.erb:4
  Rendered layouts/_nav.html.erb (Duration: 1.6ms | Allocations: 900)
  Rendered layouts/_header.html.erb (Duration: 1.8ms | Allocations: 971)
  [1m[36mPost Load (0.2ms)[0m  [1m[34mSELECT "posts".* FROM "posts"[0m
  ↳ app/views/posts/index.html.erb:4
  Rendered posts/index.html.erb within layouts/application (Duration: 2.5ms | Allocations: 1458)
  Rendered layout layouts/application.html.erb (Duration: 4.0ms | Allocations: 2558)
Completed 200 OK in 5ms (Views: 4.2ms | ActiveRecord: 0.3ms | Allocations: 2814)


Started GET "/about/index" for ::1 at 2024-01-06 21:52:49 +0100
Processing by AboutController#index as HTML
  Rendering layout layouts/application.html.erb
  Rendering about/index.html.erb within layouts/application
  [1m[36mUser Load (0.2ms)[0m  [1m[34mSELECT "users".* FROM "users" WHERE "users"."id" = $1 ORDER BY "users"."id" ASC LIMIT $2[0m  [["id", 1], ["LIMIT", 1]]
  ↳ app/views/layouts/_nav.html.erb:4
  Rendered layouts/_nav.html.erb (Duration: 2.2ms | Allocations: 906)
  Rendered layouts/_header.html.erb (Duration: 2.4ms | Allocations: 977)
  Rendered about/index.html.erb within layouts/application (Duration: 2.5ms | Allocations: 1047)
  Rendered layout layouts/application.html.erb (Duration: 7.5ms | Allocations: 2149)
Completed 200 OK in 8ms (Views: 7.8ms | ActiveRecord: 0.2ms | Allocations: 2395)


Started GET "/posts" for ::1 at 2024-01-06 21:52:51 +0100
Processing by PostsController#index as HTML
  Rendering layout layouts/application.html.erb
  Rendering posts/index.html.erb within layouts/application
  [1m[36mUser Load (0.1ms)[0m  [1m[34mSELECT "users".* FROM "users" WHERE "users"."id" = $1 ORDER BY "users"."id" ASC LIMIT $2[0m  [["id", 1], ["LIMIT", 1]]
  ↳ app/views/layouts/_nav.html.erb:4
  Rendered layouts/_nav.html.erb (Duration: 1.9ms | Allocations: 900)
  Rendered layouts/_header.html.erb (Duration: 2.0ms | Allocations: 971)
  [1m[36mPost Load (0.2ms)[0m  [1m[34mSELECT "posts".* FROM "posts"[0m
  ↳ app/views/posts/index.html.erb:4
  Rendered posts/index.html.erb within layouts/application (Duration: 2.9ms | Allocations: 1458)
  Rendered layout layouts/application.html.erb (Duration: 4.6ms | Allocations: 2559)
Completed 200 OK in 6ms (Views: 4.8ms | ActiveRecord: 0.3ms | Allocations: 2815)


Started GET "/about/index" for ::1 at 2024-01-06 21:54:48 +0100
Processing by AboutController#index as HTML
  Rendering layout layouts/application.html.erb
  Rendering about/index.html.erb within layouts/application
  [1m[36mUser Load (0.2ms)[0m  [1m[34mSELECT "users".* FROM "users" WHERE "users"."id" = $1 ORDER BY "users"."id" ASC LIMIT $2[0m  [["id", 1], ["LIMIT", 1]]
  ↳ app/views/layouts/_nav.html.erb:4
  Rendered layouts/_nav.html.erb (Duration: 2.2ms | Allocations: 909)
  Rendered layouts/_header.html.erb (Duration: 2.4ms | Allocations: 980)
  Rendered about/index.html.erb within layouts/application (Duration: 2.5ms | Allocations: 1050)
  Rendered layout layouts/application.html.erb (Duration: 4.3ms | Allocations: 2150)
Completed 200 OK in 5ms (Views: 4.5ms | ActiveRecord: 0.2ms | Allocations: 2396)


Started GET "/posts" for ::1 at 2024-01-06 21:54:49 +0100
Processing by PostsController#index as HTML
  Rendering layout layouts/application.html.erb
  Rendering posts/index.html.erb within layouts/application
  [1m[36mUser Load (0.1ms)[0m  [1m[34mSELECT "users".* FROM "users" WHERE "users"."id" = $1 ORDER BY "users"."id" ASC LIMIT $2[0m  [["id", 1], ["LIMIT", 1]]
  ↳ app/views/layouts/_nav.html.erb:4
  Rendered layouts/_nav.html.erb (Duration: 1.8ms | Allocations: 897)
  Rendered layouts/_header.html.erb (Duration: 2.0ms | Allocations: 968)
  [1m[36mPost Load (0.2ms)[0m  [1m[34mSELECT "posts".* FROM "posts"[0m
  ↳ app/views/posts/index.html.erb:4
  Rendered posts/index.html.erb within layouts/application (Duration: 3.0ms | Allocations: 1455)
  Rendered layout layouts/application.html.erb (Duration: 5.0ms | Allocations: 2555)
Completed 200 OK in 6ms (Views: 5.1ms | ActiveRecord: 0.3ms | Allocations: 2811)


Started GET "/about/index" for ::1 at 2024-01-06 21:54:50 +0100
Processing by AboutController#index as HTML
  Rendering layout layouts/application.html.erb
  Rendering about/index.html.erb within layouts/application
  [1m[36mUser Load (0.2ms)[0m  [1m[34mSELECT "users".* FROM "users" WHERE "users"."id" = $1 ORDER BY "users"."id" ASC LIMIT $2[0m  [["id", 1], ["LIMIT", 1]]
  ↳ app/views/layouts/_nav.html.erb:4
  Rendered layouts/_nav.html.erb (Duration: 1.9ms | Allocations: 906)
  Rendered layouts/_header.html.erb (Duration: 2.0ms | Allocations: 977)
  Rendered about/index.html.erb within layouts/application (Duration: 2.2ms | Allocations: 1047)
  Rendered layout layouts/application.html.erb (Duration: 3.8ms | Allocations: 2154)
Completed 200 OK in 5ms (Views: 4.0ms | ActiveRecord: 0.2ms | Allocations: 2400)


Started GET "/posts" for ::1 at 2024-01-06 21:54:51 +0100
Processing by PostsController#index as HTML
  Rendering layout layouts/application.html.erb
  Rendering posts/index.html.erb within layouts/application
  [1m[36mUser Load (0.2ms)[0m  [1m[34mSELECT "users".* FROM "users" WHERE "users"."id" = $1 ORDER BY "users"."id" ASC LIMIT $2[0m  [["id", 1], ["LIMIT", 1]]
  ↳ app/views/layouts/_nav.html.erb:4
  Rendered layouts/_nav.html.erb (Duration: 1.9ms | Allocations: 909)
  Rendered layouts/_header.html.erb (Duration: 2.0ms | Allocations: 980)
  [1m[36mPost Load (0.2ms)[0m  [1m[34mSELECT "posts".* FROM "posts"[0m
  ↳ app/views/posts/index.html.erb:4
  Rendered posts/index.html.erb within layouts/application (Duration: 3.0ms | Allocations: 1467)
  Rendered layout layouts/application.html.erb (Duration: 4.8ms | Allocations: 2571)
Completed 200 OK in 6ms (Views: 4.9ms | ActiveRecord: 0.3ms | Allocations: 2827)


Started GET "/posts" for ::1 at 2024-01-06 21:56:45 +0100
Processing by PostsController#index as HTML
  Rendering layout layouts/application.html.erb
  Rendering posts/index.html.erb within layouts/application
  Rendered layouts/_nav.html.erb (Duration: 0.6ms | Allocations: 1534)
  Rendered layouts/_header.html.erb (Duration: 1.2ms | Allocations: 1827)
  Rendered posts/index.html.erb within layouts/application (Duration: 1.8ms | Allocations: 2204)
  Rendered layout layouts/application.html.erb (Duration: 2.0ms | Allocations: 2306)
Completed 500 Internal Server Error in 6ms (ActiveRecord: 0.0ms | Allocations: 4424)


  
ActionView::SyntaxErrorInTemplate (Encountered a syntax error while rendering template: check <nav>
  <%= link_to 'Home', posts_path %>
  <%= link_to 'About', about_index_path %>
  <% if current_user %>
    <%= link_to "Log out", destroy_user_session_path, data: { turbo_method: :delete" } %>
  <% else %>
    <%= link_to 'Log In', new_user_session_path %>
  <% end %>
</nav>

):
1:    <nav>
2:      <%= link_to 'Home', posts_path %>
3:      <%= link_to 'About', about_index_path %>
4:      <% if current_user %>
5:        <%= link_to "Log out", destroy_user_session_path, data: { turbo_method: :delete" } %>
6:      <% else %>
7:        <%= link_to 'Log In', new_user_session_path %>
8:      <% end %>
9:    </nav>
  
app/views/layouts/_nav.html.erb:5: syntax error, unexpected string literal, expecting '}'
app/views/layouts/_nav.html.erb:12: unterminated string meets end of file
app/views/layouts/_header.html.erb:2
app/views/posts/index.html.erb:1
Started GET "/posts" for ::1 at 2024-01-06 21:57:26 +0100
Processing by PostsController#index as HTML
  Rendering layout layouts/application.html.erb
  Rendering posts/index.html.erb within layouts/application
  [1m[36mUser Load (0.1ms)[0m  [1m[34mSELECT "users".* FROM "users" WHERE "users"."id" = $1 ORDER BY "users"."id" ASC LIMIT $2[0m  [["id", 1], ["LIMIT", 1]]
  ↳ app/views/layouts/_nav.html.erb:4
  Rendered layouts/_nav.html.erb (Duration: 7.9ms | Allocations: 5308)
  Rendered layouts/_header.html.erb (Duration: 8.5ms | Allocations: 5586)
  [1m[36mPost Load (0.1ms)[0m  [1m[34mSELECT "posts".* FROM "posts"[0m
  ↳ app/views/posts/index.html.erb:4
  Rendered posts/index.html.erb within layouts/application (Duration: 9.8ms | Allocations: 6420)
  Rendered layout layouts/application.html.erb (Duration: 22.2ms | Allocations: 21825)
Completed 200 OK in 26ms (Views: 21.3ms | ActiveRecord: 2.5ms | Allocations: 23927)


Started DELETE "/users/sign_out" for ::1 at 2024-01-06 21:57:29 +0100
Processing by Devise::SessionsController#destroy as TURBO_STREAM
  [1m[36mUser Load (0.1ms)[0m  [1m[34mSELECT "users".* FROM "users" WHERE "users"."id" = $1 ORDER BY "users"."id" ASC LIMIT $2[0m  [["id", 1], ["LIMIT", 1]]
Redirected to http://localhost:3000/
Completed 303 See Other in 8ms (ActiveRecord: 0.1ms | Allocations: 2973)


Started GET "/" for ::1 at 2024-01-06 21:57:29 +0100
Processing by PostsController#index as TURBO_STREAM
  Rendering layout layouts/application.html.erb
  Rendering posts/index.html.erb within layouts/application
  Rendered layouts/_nav.html.erb (Duration: 4.4ms | Allocations: 341)
  Rendered layouts/_header.html.erb (Duration: 4.6ms | Allocations: 412)
  [1m[36mPost Load (0.3ms)[0m  [1m[34mSELECT "posts".* FROM "posts"[0m
  ↳ app/views/posts/index.html.erb:4
  Rendered posts/index.html.erb within layouts/application (Duration: 5.7ms | Allocations: 949)
  Rendered layout layouts/application.html.erb (Duration: 7.1ms | Allocations: 2061)
Completed 200 OK in 8ms (Views: 7.2ms | ActiveRecord: 0.3ms | Allocations: 2364)


Started GET "/users/sign_in" for ::1 at 2024-01-06 21:57:32 +0100
Processing by Devise::SessionsController#new as HTML
  Rendering layout layouts/application.html.erb
  Rendering devise/sessions/new.html.erb within layouts/application
  Rendered devise/sessions/new.html.erb within layouts/application (Duration: 1.5ms | Allocations: 1199)
  Rendered layout layouts/application.html.erb (Duration: 2.8ms | Allocations: 2367)
Completed 200 OK in 6ms (Views: 4.9ms | ActiveRecord: 0.0ms | Allocations: 3477)


Started POST "/users/sign_in" for ::1 at 2024-01-06 21:57:38 +0100
Processing by Devise::SessionsController#create as TURBO_STREAM
  Parameters: {"authenticity_token"=>"[FILTERED]", "user"=>{"email"=>"sfcarroll@gmail.com", "password"=>"[FILTERED]", "remember_me"=>"0"}, "commit"=>"Log in"}
  [1m[36mUser Load (0.2ms)[0m  [1m[34mSELECT "users".* FROM "users" WHERE "users"."email" = $1 ORDER BY "users"."id" ASC LIMIT $2[0m  [["email", "sfcarroll@gmail.com"], ["LIMIT", 1]]
Completed 401 Unauthorized in 3ms (ActiveRecord: 0.2ms | Allocations: 1572)


Processing by Devise::SessionsController#new as TURBO_STREAM
  Parameters: {"authenticity_token"=>"[FILTERED]", "user"=>{"email"=>"sfcarroll@gmail.com", "password"=>"[FILTERED]", "remember_me"=>"0"}, "commit"=>"Log in"}
  Rendering layout layouts/application.html.erb
  Rendering devise/sessions/new.html.erb within layouts/application
  Rendered devise/sessions/new.html.erb within layouts/application (Duration: 1.0ms | Allocations: 785)
  Rendered layout layouts/application.html.erb (Duration: 2.5ms | Allocations: 1872)
Completed 200 OK in 191ms (Views: 2.9ms | ActiveRecord: 0.0ms | Allocations: 2418)


Started POST "/users/sign_in" for ::1 at 2024-01-06 21:58:01 +0100
Processing by Devise::SessionsController#create as TURBO_STREAM
  Parameters: {"authenticity_token"=>"[FILTERED]", "user"=>{"email"=>"sean@example.com", "password"=>"[FILTERED]", "remember_me"=>"0"}, "commit"=>"Log in"}
  [1m[36mUser Load (0.2ms)[0m  [1m[34mSELECT "users".* FROM "users" WHERE "users"."email" = $1 ORDER BY "users"."id" ASC LIMIT $2[0m  [["email", "sean@example.com"], ["LIMIT", 1]]
Redirected to http://localhost:3000/
Completed 303 See Other in 188ms (ActiveRecord: 0.2ms | Allocations: 2696)


Started GET "/" for ::1 at 2024-01-06 21:58:02 +0100
Processing by PostsController#index as TURBO_STREAM
  Rendering layout layouts/application.html.erb
  Rendering posts/index.html.erb within layouts/application
  [1m[36mUser Load (0.2ms)[0m  [1m[34mSELECT "users".* FROM "users" WHERE "users"."id" = $1 ORDER BY "users"."id" ASC LIMIT $2[0m  [["id", 1], ["LIMIT", 1]]
  ↳ app/views/layouts/_nav.html.erb:4
  Rendered layouts/_nav.html.erb (Duration: 3.2ms | Allocations: 936)
  Rendered layouts/_header.html.erb (Duration: 3.3ms | Allocations: 1007)
  [1m[36mPost Load (0.2ms)[0m  [1m[34mSELECT "posts".* FROM "posts"[0m
  ↳ app/views/posts/index.html.erb:4
  Rendered posts/index.html.erb within layouts/application (Duration: 4.0ms | Allocations: 1494)
  Rendered layout layouts/application.html.erb (Duration: 5.3ms | Allocations: 2601)
Completed 200 OK in 6ms (Views: 5.3ms | ActiveRecord: 0.3ms | Allocations: 2861)


Started GET "/posts" for ::1 at 2024-01-06 21:58:34 +0100
Processing by PostsController#index as HTML
  Rendering layout layouts/application.html.erb
  Rendering posts/index.html.erb within layouts/application
  [1m[36mUser Load (0.1ms)[0m  [1m[34mSELECT "users".* FROM "users" WHERE "users"."id" = $1 ORDER BY "users"."id" ASC LIMIT $2[0m  [["id", 1], ["LIMIT", 1]]
  ↳ app/views/layouts/_nav.html.erb:4
  Rendered layouts/_nav.html.erb (Duration: 1.6ms | Allocations: 922)
  Rendered layouts/_header.html.erb (Duration: 1.7ms | Allocations: 993)
  [1m[36mPost Load (0.2ms)[0m  [1m[34mSELECT "posts".* FROM "posts"[0m
  ↳ app/views/posts/index.html.erb:4
  Rendered posts/index.html.erb within layouts/application (Duration: 2.4ms | Allocations: 1480)
  Rendered layout layouts/application.html.erb (Duration: 3.8ms | Allocations: 2580)
Completed 200 OK in 4ms (Views: 3.8ms | ActiveRecord: 0.3ms | Allocations: 2836)


Started GET "/about/index" for ::1 at 2024-01-06 21:58:35 +0100
Processing by AboutController#index as HTML
  Rendering layout layouts/application.html.erb
  Rendering about/index.html.erb within layouts/application
  [1m[36mUser Load (0.1ms)[0m  [1m[34mSELECT "users".* FROM "users" WHERE "users"."id" = $1 ORDER BY "users"."id" ASC LIMIT $2[0m  [["id", 1], ["LIMIT", 1]]
  ↳ app/views/layouts/_nav.html.erb:4
  Rendered layouts/_nav.html.erb (Duration: 2.4ms | Allocations: 940)
  Rendered layouts/_header.html.erb (Duration: 2.6ms | Allocations: 1011)
  Rendered about/index.html.erb within layouts/application (Duration: 3.2ms | Allocations: 1192)
  Rendered layout layouts/application.html.erb (Duration: 4.7ms | Allocations: 2306)
Completed 200 OK in 6ms (Views: 5.4ms | ActiveRecord: 0.1ms | Allocations: 2791)


Started DELETE "/users/sign_out" for ::1 at 2024-01-06 21:58:37 +0100
Processing by Devise::SessionsController#destroy as TURBO_STREAM
  [1m[36mUser Load (0.2ms)[0m  [1m[34mSELECT "users".* FROM "users" WHERE "users"."id" = $1 ORDER BY "users"."id" ASC LIMIT $2[0m  [["id", 1], ["LIMIT", 1]]
Redirected to http://localhost:3000/
Completed 303 See Other in 4ms (ActiveRecord: 0.2ms | Allocations: 1787)


Started GET "/" for ::1 at 2024-01-06 21:58:37 +0100
Processing by PostsController#index as TURBO_STREAM
  Rendering layout layouts/application.html.erb
  Rendering posts/index.html.erb within layouts/application
  Rendered layouts/_nav.html.erb (Duration: 0.4ms | Allocations: 325)
  Rendered layouts/_header.html.erb (Duration: 0.5ms | Allocations: 396)
  [1m[36mPost Load (0.3ms)[0m  [1m[34mSELECT "posts".* FROM "posts"[0m
  ↳ app/views/posts/index.html.erb:4
  Rendered posts/index.html.erb within layouts/application (Duration: 1.5ms | Allocations: 889)
  Rendered layout layouts/application.html.erb (Duration: 2.9ms | Allocations: 2000)
Completed 200 OK in 4ms (Views: 3.0ms | ActiveRecord: 0.3ms | Allocations: 2259)


Started GET "/about/index" for ::1 at 2024-01-06 21:58:38 +0100
Processing by AboutController#index as HTML
  Rendering layout layouts/application.html.erb
  Rendering about/index.html.erb within layouts/application
  Rendered layouts/_nav.html.erb (Duration: 0.5ms | Allocations: 310)
  Rendered layouts/_header.html.erb (Duration: 0.6ms | Allocations: 381)
  Rendered about/index.html.erb within layouts/application (Duration: 0.7ms | Allocations: 451)
  Rendered layout layouts/application.html.erb (Duration: 2.1ms | Allocations: 1551)
Completed 200 OK in 3ms (Views: 2.9ms | ActiveRecord: 0.0ms | Allocations: 1797)


Started GET "/posts" for ::1 at 2024-01-06 21:58:38 +0100
Processing by PostsController#index as HTML
  Rendering layout layouts/application.html.erb
  Rendering posts/index.html.erb within layouts/application
  Rendered layouts/_nav.html.erb (Duration: 0.4ms | Allocations: 322)
  Rendered layouts/_header.html.erb (Duration: 0.5ms | Allocations: 393)
  [1m[36mPost Load (0.3ms)[0m  [1m[34mSELECT "posts".* FROM "posts"[0m
  ↳ app/views/posts/index.html.erb:4
  Rendered posts/index.html.erb within layouts/application (Duration: 1.5ms | Allocations: 886)
  Rendered layout layouts/application.html.erb (Duration: 2.9ms | Allocations: 1986)
Completed 200 OK in 4ms (Views: 2.9ms | ActiveRecord: 0.3ms | Allocations: 2242)


Started GET "/users/sign_in" for ::1 at 2024-01-06 21:58:43 +0100
Processing by Devise::SessionsController#new as HTML
  Rendering layout layouts/application.html.erb
  Rendering devise/sessions/new.html.erb within layouts/application
  Rendered devise/sessions/new.html.erb within layouts/application (Duration: 1.3ms | Allocations: 789)
  Rendered layout layouts/application.html.erb (Duration: 2.8ms | Allocations: 1887)
Completed 200 OK in 4ms (Views: 3.2ms | ActiveRecord: 0.0ms | Allocations: 2473)


Started POST "/users/sign_in" for ::1 at 2024-01-06 21:58:52 +0100
Processing by Devise::SessionsController#create as TURBO_STREAM
  Parameters: {"authenticity_token"=>"[FILTERED]", "user"=>{"email"=>"sean@example.com", "password"=>"[FILTERED]", "remember_me"=>"0"}, "commit"=>"Log in"}
  [1m[36mUser Load (0.2ms)[0m  [1m[34mSELECT "users".* FROM "users" WHERE "users"."email" = $1 ORDER BY "users"."id" ASC LIMIT $2[0m  [["email", "sean@example.com"], ["LIMIT", 1]]
Redirected to http://localhost:3000/
Completed 303 See Other in 190ms (ActiveRecord: 0.2ms | Allocations: 2410)


Started GET "/" for ::1 at 2024-01-06 21:58:52 +0100
Processing by PostsController#index as TURBO_STREAM
  Rendering layout layouts/application.html.erb
  Rendering posts/index.html.erb within layouts/application
  [1m[36mUser Load (0.3ms)[0m  [1m[34mSELECT "users".* FROM "users" WHERE "users"."id" = $1 ORDER BY "users"."id" ASC LIMIT $2[0m  [["id", 1], ["LIMIT", 1]]
  ↳ app/views/layouts/_nav.html.erb:4
  Rendered layouts/_nav.html.erb (Duration: 1.5ms | Allocations: 930)
  Rendered layouts/_header.html.erb (Duration: 1.6ms | Allocations: 1001)
  [1m[36mPost Load (0.1ms)[0m  [1m[34mSELECT "posts".* FROM "posts"[0m
  ↳ app/views/posts/index.html.erb:4
  Rendered posts/index.html.erb within layouts/application (Duration: 2.2ms | Allocations: 1488)
  Rendered layout layouts/application.html.erb (Duration: 3.3ms | Allocations: 2592)
Completed 200 OK in 4ms (Views: 3.2ms | ActiveRecord: 0.4ms | Allocations: 2851)


Started GET "/" for ::1 at 2024-01-06 22:00:04 +0100
Processing by PostsController#index as HTML
  Rendering layout layouts/application.html.erb
  Rendering posts/index.html.erb within layouts/application
  [1m[36mUser Load (0.1ms)[0m  [1m[34mSELECT "users".* FROM "users" WHERE "users"."id" = $1 ORDER BY "users"."id" ASC LIMIT $2[0m  [["id", 1], ["LIMIT", 1]]
  ↳ app/views/layouts/_nav.html.erb:4
  Rendered layouts/_nav.html.erb (Duration: 7.0ms | Allocations: 5297)
  Rendered layouts/_header.html.erb (Duration: 7.5ms | Allocations: 5575)
  [1m[36mPost Load (0.1ms)[0m  [1m[34mSELECT "posts".* FROM "posts"[0m
  ↳ app/views/posts/index.html.erb:4
  Rendered posts/index.html.erb within layouts/application (Duration: 8.6ms | Allocations: 6412)
  Rendered layout layouts/application.html.erb (Duration: 18.6ms | Allocations: 21817)
Completed 200 OK in 22ms (Views: 17.9ms | ActiveRecord: 2.3ms | Allocations: 23919)


Started GET "/posts/new" for ::1 at 2024-01-06 22:00:07 +0100
Processing by PostsController#new as HTML
  Rendering layout layouts/application.html.erb
  Rendering posts/new.html.erb within layouts/application
  Rendered posts/_form.html.erb (Duration: 2.5ms | Allocations: 1688)
  Rendered posts/new.html.erb within layouts/application (Duration: 3.1ms | Allocations: 1974)
  Rendered layout layouts/application.html.erb (Duration: 4.4ms | Allocations: 3080)
Completed 200 OK in 23ms (Views: 4.8ms | ActiveRecord: 3.0ms | Allocations: 8486)


Started GET "/posts/new" for ::1 at 2024-01-06 22:00:56 +0100
Processing by PostsController#new as HTML
  Rendering layout layouts/application.html.erb
  Rendering posts/new.html.erb within layouts/application
  Rendered posts/_form.html.erb (Duration: 2.6ms | Allocations: 1413)
  Rendered posts/new.html.erb within layouts/application (Duration: 3.9ms | Allocations: 1705)
  Rendered layout layouts/application.html.erb (Duration: 49.8ms | Allocations: 17149)
Completed 200 OK in 63ms (Views: 51.9ms | ActiveRecord: 2.3ms | Allocations: 21867)


Started GET "/" for ::1 at 2024-01-06 22:01:02 +0100
Processing by PostsController#index as HTML
  Rendering layout layouts/application.html.erb
  Rendering posts/index.html.erb within layouts/application
  [1m[36mUser Load (0.1ms)[0m  [1m[34mSELECT "users".* FROM "users" WHERE "users"."id" = $1 ORDER BY "users"."id" ASC LIMIT $2[0m  [["id", 1], ["LIMIT", 1]]
  ↳ app/views/layouts/_nav.html.erb:4
  Rendered layouts/_nav.html.erb (Duration: 9.5ms | Allocations: 5211)
  Rendered layouts/_header.html.erb (Duration: 10.2ms | Allocations: 5489)
  [1m[36mPost Load (0.2ms)[0m  [1m[34mSELECT "posts".* FROM "posts"[0m
  ↳ app/views/posts/index.html.erb:4
  Rendered posts/index.html.erb within layouts/application (Duration: 11.9ms | Allocations: 6309)
  Rendered layout layouts/application.html.erb (Duration: 13.6ms | Allocations: 7416)
Completed 200 OK in 16ms (Views: 11.5ms | ActiveRecord: 2.5ms | Allocations: 7804)


Started GET "/posts/new" for ::1 at 2024-01-06 22:01:04 +0100
Processing by PostsController#new as HTML
  Rendering layout layouts/application.html.erb
  Rendering posts/new.html.erb within layouts/application
  Rendered posts/_form.html.erb (Duration: 1.3ms | Allocations: 916)
  Rendered posts/new.html.erb within layouts/application (Duration: 1.5ms | Allocations: 997)
  Rendered layout layouts/application.html.erb (Duration: 3.1ms | Allocations: 2096)
Completed 200 OK in 4ms (Views: 3.5ms | ActiveRecord: 0.0ms | Allocations: 2359)


Started GET "/posts" for ::1 at 2024-01-06 22:01:12 +0100
Processing by PostsController#index as HTML
  Rendering layout layouts/application.html.erb
  Rendering posts/index.html.erb within layouts/application
  [1m[36mUser Load (0.1ms)[0m  [1m[34mSELECT "users".* FROM "users" WHERE "users"."id" = $1 ORDER BY "users"."id" ASC LIMIT $2[0m  [["id", 1], ["LIMIT", 1]]
  ↳ app/views/layouts/_nav.html.erb:4
  Rendered layouts/_nav.html.erb (Duration: 2.0ms | Allocations: 933)
  Rendered layouts/_header.html.erb (Duration: 2.1ms | Allocations: 1004)
  [1m[36mPost Load (0.2ms)[0m  [1m[34mSELECT "posts".* FROM "posts"[0m
  ↳ app/views/posts/index.html.erb:4
  Rendered posts/index.html.erb within layouts/application (Duration: 2.9ms | Allocations: 1493)
  Rendered layout layouts/application.html.erb (Duration: 4.3ms | Allocations: 2593)
Completed 200 OK in 5ms (Views: 4.3ms | ActiveRecord: 0.3ms | Allocations: 2849)


Started GET "/posts/new" for ::1 at 2024-01-06 22:01:34 +0100
Processing by PostsController#new as HTML
  Rendering layout layouts/application.html.erb
  Rendering posts/new.html.erb within layouts/application
  Rendered posts/_form.html.erb (Duration: 1.3ms | Allocations: 934)
  Rendered posts/new.html.erb within layouts/application (Duration: 1.5ms | Allocations: 1015)
  Rendered layout layouts/application.html.erb (Duration: 3.9ms | Allocations: 2114)
Completed 200 OK in 5ms (Views: 4.4ms | ActiveRecord: 0.0ms | Allocations: 2377)


Started GET "/posts/new" for ::1 at 2024-01-06 22:07:52 +0100
Processing by PostsController#new as HTML
  [1m[36mUser Load (0.4ms)[0m  [1m[34mSELECT "users".* FROM "users" WHERE "users"."id" = $1 ORDER BY "users"."id" ASC LIMIT $2[0m  [["id", 1], ["LIMIT", 1]]
  ↳ app/controllers/application_controller.rb:4:in `authenticate_user!'
Completed 500 Internal Server Error in 20ms (ActiveRecord: 5.3ms | Allocations: 11303)


  
NoMethodError (undefined method `merge' for an instance of Post):
  
app/controllers/posts_controller.rb:13:in `new'
Started GET "/posts/new" for ::1 at 2024-01-06 22:08:12 +0100
Processing by PostsController#new as HTML
  [1m[36mUser Load (0.3ms)[0m  [1m[34mSELECT "users".* FROM "users" WHERE "users"."id" = $1 ORDER BY "users"."id" ASC LIMIT $2[0m  [["id", 1], ["LIMIT", 1]]
  ↳ app/controllers/application_controller.rb:4:in `authenticate_user!'
  Rendering layout layouts/application.html.erb
  Rendering posts/new.html.erb within layouts/application
  Rendered posts/_form.html.erb (Duration: 1.6ms | Allocations: 1210)
  Rendered posts/new.html.erb within layouts/application (Duration: 2.3ms | Allocations: 1503)
  Rendered layout layouts/application.html.erb (Duration: 28.0ms | Allocations: 16892)
Completed 200 OK in 48ms (Views: 29.5ms | ActiveRecord: 7.5ms | Allocations: 26525)


Started GET "/posts/new" for ::1 at 2024-01-06 22:09:12 +0100
Processing by PostsController#new as HTML
  [1m[36mUser Load (0.2ms)[0m  [1m[34mSELECT "users".* FROM "users" WHERE "users"."id" = $1 ORDER BY "users"."id" ASC LIMIT $2[0m  [["id", 1], ["LIMIT", 1]]
  ↳ app/controllers/application_controller.rb:4:in `authenticate_user!'
  Rendering layout layouts/application.html.erb
  Rendering posts/new.html.erb within layouts/application
  Rendered posts/_form.html.erb (Duration: 1.8ms | Allocations: 1013)
  Rendered posts/new.html.erb within layouts/application (Duration: 2.5ms | Allocations: 1306)
  Rendered layout layouts/application.html.erb (Duration: 14.5ms | Allocations: 16697)
Completed 200 OK in 30ms (Views: 16.2ms | ActiveRecord: 4.4ms | Allocations: 26307)


Started POST "/posts" for ::1 at 2024-01-06 22:10:00 +0100
Processing by PostsController#create as TURBO_STREAM
  Parameters: {"authenticity_token"=>"[FILTERED]", "post"=>{"title"=>"A sample post", "body"=>"Contrary to popular belief, Lorem Ipsum is not simply random text. It has roots in a piece of classical Latin literature from 45 BC, making it over 2000 years old. Richard McClintock, a Latin professor at Hampden-Sydney College in Virginia, looked up one of the more obscure Latin words, consectetur, from a Lorem Ipsum passage, and going through the cites of the word in classical literature, discovered the undoubtable source. Lorem Ipsum comes from sections 1.10.32 and 1.10.33 of \"de Finibus Bonorum et Malorum\" (The Extremes of Good and Evil) by Cicero, written in 45 BC. This book is a treatise on the theory of ethics, very popular during the Renaissance. The first line of Lorem Ipsum, \"Lorem ipsum dolor sit amet..\", comes from a line in section 1.10.32."}, "commit"=>"Create Post"}
  [1m[36mUser Load (0.2ms)[0m  [1m[34mSELECT "users".* FROM "users" WHERE "users"."id" = $1 ORDER BY "users"."id" ASC LIMIT $2[0m  [["id", 1], ["LIMIT", 1]]
  ↳ app/controllers/application_controller.rb:4:in `authenticate_user!'
  [1m[36mTRANSACTION (0.1ms)[0m  [1m[35mBEGIN[0m
  ↳ app/controllers/posts_controller.rb:23:in `block in create'
  [1m[36mPost Create (2.5ms)[0m  [1m[32mINSERT INTO "posts" ("user_id", "title", "body", "created_at", "updated_at") VALUES ($1, $2, $3, $4, $5) RETURNING "id"[0m  [["user_id", 1], ["title", "A sample post"], ["body", "Contrary to popular belief, Lorem Ipsum is not simply random text. It has roots in a piece of classical Latin literature from 45 BC, making it over 2000 years old. Richard McClintock, a Latin professor at Hampden-Sydney College in Virginia, looked up one of the more obscure Latin words, consectetur, from a Lorem Ipsum passage, and going through the cites of the word in classical literature, discovered the undoubtable source. Lorem Ipsum comes from sections 1.10.32 and 1.10.33 of \"de Finibus Bonorum et Malorum\" (The Extremes of Good and Evil) by Cicero, written in 45 BC. This book is a treatise on the theory of ethics, very popular during the Renaissance. The first line of Lorem Ipsum, \"Lorem ipsum dolor sit amet..\", comes from a line in section 1.10.32."], ["created_at", "2024-01-06 21:10:00.958064"], ["updated_at", "2024-01-06 21:10:00.958064"]]
  ↳ app/controllers/posts_controller.rb:23:in `block in create'
  [1m[36mTRANSACTION (0.5ms)[0m  [1m[35mCOMMIT[0m
  ↳ app/controllers/posts_controller.rb:23:in `block in create'
Redirected to http://localhost:3000/posts/1
Completed 302 Found in 25ms (ActiveRecord: 3.3ms | Allocations: 21169)


Started GET "/posts/1" for ::1 at 2024-01-06 22:10:00 +0100
Processing by PostsController#show as TURBO_STREAM
  Parameters: {"id"=>"1"}
  [1m[36mPost Load (0.2ms)[0m  [1m[34mSELECT "posts".* FROM "posts" WHERE "posts"."id" = $1 LIMIT $2[0m  [["id", 1], ["LIMIT", 1]]
  ↳ app/controllers/posts_controller.rb:56:in `set_post'
  Rendering layout layouts/application.html.erb
  Rendering posts/show.html.erb within layouts/application
  Rendered posts/_post.html.erb (Duration: 0.4ms | Allocations: 183)
  Rendered posts/show.html.erb within layouts/application (Duration: 4.2ms | Allocations: 1249)
  Rendered layout layouts/application.html.erb (Duration: 5.7ms | Allocations: 2338)
Completed 200 OK in 8ms (Views: 6.1ms | ActiveRecord: 0.2ms | Allocations: 3894)


Started GET "/posts" for ::1 at 2024-01-06 22:10:15 +0100
Processing by PostsController#index as HTML
  Rendering layout layouts/application.html.erb
  Rendering posts/index.html.erb within layouts/application
  [1m[36mUser Load (0.3ms)[0m  [1m[34mSELECT "users".* FROM "users" WHERE "users"."id" = $1 ORDER BY "users"."id" ASC LIMIT $2[0m  [["id", 1], ["LIMIT", 1]]
  ↳ app/views/layouts/_nav.html.erb:4
  Rendered layouts/_nav.html.erb (Duration: 2.4ms | Allocations: 1148)
  Rendered layouts/_header.html.erb (Duration: 3.1ms | Allocations: 1426)
  [1m[36mPost Load (0.2ms)[0m  [1m[34mSELECT "posts".* FROM "posts"[0m
  ↳ app/views/posts/index.html.erb:4
  Rendered posts/_post.html.erb (Duration: 0.1ms | Allocations: 19)
  Rendered posts/index.html.erb within layouts/application (Duration: 5.0ms | Allocations: 2353)
  Rendered layout layouts/application.html.erb (Duration: 6.6ms | Allocations: 3453)
Completed 200 OK in 8ms (Views: 6.5ms | ActiveRecord: 0.4ms | Allocations: 3806)


Started GET "/about/index" for ::1 at 2024-01-06 22:10:23 +0100
Processing by AboutController#index as HTML
  Rendering layout layouts/application.html.erb
  Rendering about/index.html.erb within layouts/application
  [1m[36mUser Load (0.3ms)[0m  [1m[34mSELECT "users".* FROM "users" WHERE "users"."id" = $1 ORDER BY "users"."id" ASC LIMIT $2[0m  [["id", 1], ["LIMIT", 1]]
  ↳ app/views/layouts/_nav.html.erb:4
  Rendered layouts/_nav.html.erb (Duration: 2.1ms | Allocations: 949)
  Rendered layouts/_header.html.erb (Duration: 2.2ms | Allocations: 1020)
  Rendered about/index.html.erb within layouts/application (Duration: 2.7ms | Allocations: 1201)
  Rendered layout layouts/application.html.erb (Duration: 9.4ms | Allocations: 2315)
Completed 200 OK in 11ms (Views: 10.1ms | ActiveRecord: 0.3ms | Allocations: 2800)


Started GET "/posts" for ::1 at 2024-01-06 22:10:25 +0100
Processing by PostsController#index as HTML
  Rendering layout layouts/application.html.erb
  Rendering posts/index.html.erb within layouts/application
  [1m[36mUser Load (0.1ms)[0m  [1m[34mSELECT "users".* FROM "users" WHERE "users"."id" = $1 ORDER BY "users"."id" ASC LIMIT $2[0m  [["id", 1], ["LIMIT", 1]]
  ↳ app/views/layouts/_nav.html.erb:4
  Rendered layouts/_nav.html.erb (Duration: 2.0ms | Allocations: 954)
  Rendered layouts/_header.html.erb (Duration: 2.2ms | Allocations: 1025)
  [1m[36mPost Load (0.2ms)[0m  [1m[34mSELECT "posts".* FROM "posts"[0m
  ↳ app/views/posts/index.html.erb:4
  Rendered posts/_post.html.erb (Duration: 0.1ms | Allocations: 19)
  Rendered posts/index.html.erb within layouts/application (Duration: 3.8ms | Allocations: 1650)
  Rendered layout layouts/application.html.erb (Duration: 6.2ms | Allocations: 2751)
Completed 200 OK in 8ms (Views: 6.6ms | ActiveRecord: 0.3ms | Allocations: 3009)


Started GET "/posts" for ::1 at 2024-01-06 22:13:13 +0100
  [1m[36mActiveRecord::SchemaMigration Load (0.5ms)[0m  [1m[34mSELECT "schema_migrations"."version" FROM "schema_migrations" ORDER BY "schema_migrations"."version" ASC[0m
Processing by PostsController#index as HTML
  Rendering layout layouts/application.html.erb
  Rendering posts/index.html.erb within layouts/application
  [1m[36mUser Load (0.4ms)[0m  [1m[34mSELECT "users".* FROM "users" WHERE "users"."id" = $1 ORDER BY "users"."id" ASC LIMIT $2[0m  [["id", 1], ["LIMIT", 1]]
  ↳ app/views/layouts/_nav.html.erb:4
  Rendered layouts/_nav.html.erb (Duration: 44.9ms | Allocations: 20165)
  Rendered layouts/_header.html.erb (Duration: 45.6ms | Allocations: 20468)
  [1m[36mPost Load (0.5ms)[0m  [1m[34mSELECT "posts".* FROM "posts"[0m
  ↳ app/views/posts/index.html.erb:4
  Rendered posts/index.html.erb within layouts/application (Duration: 56.3ms | Allocations: 26655)
  Rendered layout layouts/application.html.erb (Duration: 115.1ms | Allocations: 61552)
Completed 200 OK in 366ms (Views: 107.6ms | ActiveRecord: 11.5ms | Allocations: 348176)


Started GET "/posts" for ::1 at 2024-01-06 22:15:32 +0100
Processing by PostsController#index as HTML
  Rendering layout layouts/application.html.erb
  Rendering posts/index.html.erb within layouts/application
  [1m[36mUser Load (0.2ms)[0m  [1m[34mSELECT "users".* FROM "users" WHERE "users"."id" = $1 ORDER BY "users"."id" ASC LIMIT $2[0m  [["id", 1], ["LIMIT", 1]]
  ↳ app/views/layouts/_nav.html.erb:4
  Rendered layouts/_nav.html.erb (Duration: 8.1ms | Allocations: 5258)
  Rendered layouts/_header.html.erb (Duration: 8.7ms | Allocations: 5536)
  [1m[36mPost Load (0.1ms)[0m  [1m[34mSELECT "posts".* FROM "posts"[0m
  ↳ app/views/posts/index.html.erb:4
  Rendered posts/index.html.erb within layouts/application (Duration: 13.8ms | Allocations: 9002)
  Rendered layout layouts/application.html.erb (Duration: 44.0ms | Allocations: 27214)
Completed 200 OK in 48ms (Views: 41.3ms | ActiveRecord: 4.2ms | Allocations: 29330)


Started GET "/posts" for ::1 at 2024-01-06 22:17:49 +0100
Processing by PostsController#index as HTML
  Rendering layout layouts/application.html.erb
  Rendering posts/index.html.erb within layouts/application
  [1m[36mUser Load (0.2ms)[0m  [1m[34mSELECT "users".* FROM "users" WHERE "users"."id" = $1 ORDER BY "users"."id" ASC LIMIT $2[0m  [["id", 1], ["LIMIT", 1]]
  ↳ app/views/layouts/_nav.html.erb:4
  Rendered layouts/_nav.html.erb (Duration: 8.0ms | Allocations: 5306)
  Rendered layouts/_header.html.erb (Duration: 8.6ms | Allocations: 5584)
  [1m[36mPost Load (0.1ms)[0m  [1m[34mSELECT "posts".* FROM "posts"[0m
  ↳ app/views/posts/index.html.erb:4
  Rendered posts/index.html.erb within layouts/application (Duration: 13.9ms | Allocations: 9083)
  Rendered layout layouts/application.html.erb (Duration: 23.7ms | Allocations: 24590)
Completed 200 OK in 29ms (Views: 21.0ms | ActiveRecord: 4.2ms | Allocations: 26707)


Started GET "/posts" for ::1 at 2024-01-06 22:19:54 +0100
Processing by PostsController#index as HTML
  Rendering layout layouts/application.html.erb
  Rendering posts/index.html.erb within layouts/application
  Rendered posts/index.html.erb within layouts/application (Duration: 2.6ms | Allocations: 1577)
  Rendered layout layouts/application.html.erb (Duration: 2.7ms | Allocations: 1682)
Completed 500 Internal Server Error in 6ms (ActiveRecord: 0.0ms | Allocations: 3835)


  
ActionView::SyntaxErrorInTemplate (Encountered a syntax error while rendering template: check <%= render partial: 'layouts/header', locals: { title: 'Simple Blog', subtitle: 'Life, the universe and everything' } %>

<div id="posts">
  <% @posts.each do |post| %>
    <p>
      <%= link_to post.title, post, class: 'post-link' %>
    </p>
    <p>
      <%= post.body.truncate(100, :omission => "...")
    </p>
  <% end %>
</div>

<p>
  <%= link_to "New post &#8594;".html_safe, new_post_path if current_user %>
</p>

):
1:    <%= render partial: 'layouts/header', locals: { title: 'Simple Blog', subtitle: 'Life, the universe and everything' } %>
2:    
3:    <div id="posts">
4:      <% @posts.each do |post| %>
5:        <p>
6:          <%= link_to post.title, post, class: 'post-link' %>
7:        </p>
8:        <p>
9:          <%= post.body.truncate(100, :omission => "...")
10:        </p>
11:      <% end %>
12:    </div>
13:    
14:    <p>
15:      <%= link_to "New post &#8594;".html_safe, new_post_path if current_user %>
16:    </p>
  
app/views/posts/index.html.erb:10: syntax error, unexpected '<'
app/views/posts/index.html.erb:12: unknown regexp options - dv
app/views/posts/index.html.erb:19: unterminated regexp meets end of file
Started GET "/posts" for ::1 at 2024-01-06 22:19:56 +0100
Processing by PostsController#index as HTML
  Rendering layout layouts/application.html.erb
  Rendering posts/index.html.erb within layouts/application
  Rendered posts/index.html.erb within layouts/application (Duration: 0.8ms | Allocations: 1222)
  Rendered layout layouts/application.html.erb (Duration: 1.0ms | Allocations: 1326)
Completed 500 Internal Server Error in 2ms (ActiveRecord: 0.0ms | Allocations: 1604)


  
ActionView::SyntaxErrorInTemplate (Encountered a syntax error while rendering template: check <%= render partial: 'layouts/header', locals: { title: 'Simple Blog', subtitle: 'Life, the universe and everything' } %>

<div id="posts">
  <% @posts.each do |post| %>
    <p>
      <%= link_to post.title, post, class: 'post-link' %>
    </p>
    <p>
      <%= post.body.truncate(100, :omission => "...")
    </p>
  <% end %>
</div>

<p>
  <%= link_to "New post &#8594;".html_safe, new_post_path if current_user %>
</p>

):
1:    <%= render partial: 'layouts/header', locals: { title: 'Simple Blog', subtitle: 'Life, the universe and everything' } %>
2:    
3:    <div id="posts">
4:      <% @posts.each do |post| %>
5:        <p>
6:          <%= link_to post.title, post, class: 'post-link' %>
7:        </p>
8:        <p>
9:          <%= post.body.truncate(100, :omission => "...")
10:        </p>
11:      <% end %>
12:    </div>
13:    
14:    <p>
15:      <%= link_to "New post &#8594;".html_safe, new_post_path if current_user %>
16:    </p>
  
app/views/posts/index.html.erb:10: syntax error, unexpected '<'
app/views/posts/index.html.erb:12: unknown regexp options - dv
app/views/posts/index.html.erb:19: unterminated regexp meets end of file
Started GET "/posts" for ::1 at 2024-01-06 22:20:08 +0100
Processing by PostsController#index as HTML
  Rendering layout layouts/application.html.erb
  Rendering posts/index.html.erb within layouts/application
  [1m[36mUser Load (0.2ms)[0m  [1m[34mSELECT "users".* FROM "users" WHERE "users"."id" = $1 ORDER BY "users"."id" ASC LIMIT $2[0m  [["id", 1], ["LIMIT", 1]]
  ↳ app/views/layouts/_nav.html.erb:4
  Rendered layouts/_nav.html.erb (Duration: 7.8ms | Allocations: 5297)
  Rendered layouts/_header.html.erb (Duration: 8.4ms | Allocations: 5577)
  [1m[36mPost Load (0.1ms)[0m  [1m[34mSELECT "posts".* FROM "posts"[0m
  ↳ app/views/posts/index.html.erb:4
  Rendered posts/index.html.erb within layouts/application (Duration: 13.9ms | Allocations: 9077)
  Rendered layout layouts/application.html.erb (Duration: 24.7ms | Allocations: 24585)
Completed 200 OK in 29ms (Views: 22.0ms | ActiveRecord: 4.3ms | Allocations: 26704)


Started GET "/posts" for ::1 at 2024-01-06 22:20:17 +0100
Processing by PostsController#index as HTML
  Rendering layout layouts/application.html.erb
  Rendering posts/index.html.erb within layouts/application
  [1m[36mUser Load (0.1ms)[0m  [1m[34mSELECT "users".* FROM "users" WHERE "users"."id" = $1 ORDER BY "users"."id" ASC LIMIT $2[0m  [["id", 1], ["LIMIT", 1]]
  ↳ app/views/layouts/_nav.html.erb:4
  Rendered layouts/_nav.html.erb (Duration: 7.7ms | Allocations: 5277)
  Rendered layouts/_header.html.erb (Duration: 8.2ms | Allocations: 5555)
  [1m[36mPost Load (0.2ms)[0m  [1m[34mSELECT "posts".* FROM "posts"[0m
  ↳ app/views/posts/index.html.erb:4
  Rendered posts/index.html.erb within layouts/application (Duration: 16.8ms | Allocations: 9070)
  Rendered layout layouts/application.html.erb (Duration: 30.2ms | Allocations: 24614)
Completed 200 OK in 34ms (Views: 27.5ms | ActiveRecord: 4.1ms | Allocations: 26728)


Started GET "/posts/new" for ::1 at 2024-01-06 22:20:56 +0100
Processing by PostsController#new as HTML
  [1m[36mUser Load (0.2ms)[0m  [1m[34mSELECT "users".* FROM "users" WHERE "users"."id" = $1 ORDER BY "users"."id" ASC LIMIT $2[0m  [["id", 1], ["LIMIT", 1]]
  ↳ app/controllers/application_controller.rb:4:in `authenticate_user!'
  Rendering layout layouts/application.html.erb
  Rendering posts/new.html.erb within layouts/application
  Rendered posts/_form.html.erb (Duration: 17.8ms | Allocations: 24780)
  Rendered posts/new.html.erb within layouts/application (Duration: 18.7ms | Allocations: 25066)
  Rendered layout layouts/application.html.erb (Duration: 20.2ms | Allocations: 26171)
Completed 200 OK in 23ms (Views: 20.5ms | ActiveRecord: 0.2ms | Allocations: 27400)


Started POST "/posts" for ::1 at 2024-01-06 22:21:28 +0100
Processing by PostsController#create as TURBO_STREAM
  Parameters: {"authenticity_token"=>"[FILTERED]", "post"=>{"title"=>"Another post", "body"=>"Lorem ipsum dolor sit amet, consectetur adipiscing elit. Curabitur eros ex, dapibus sit amet tempor vel, mattis vitae augue. In metus arcu, maximus luctus pharetra eu, ornare eu massa. Proin cursus diam lacus, a fringilla erat bibendum eu. Nunc eget ante est. Mauris scelerisque turpis id nulla commodo aliquet. In mollis metus sed tortor tristique, vitae ultrices sapien pellentesque. Cras urna ex, imperdiet sit amet laoreet eu, pulvinar et turpis. Phasellus interdum ut velit ut scelerisque. Mauris et lacus consequat, molestie massa ut, scelerisque leo. Maecenas porttitor dui quam, a rhoncus sem tempor nec. Sed ac dapibus tellus. Nunc iaculis lectus quis neque consequat iaculis. Pellentesque mattis sodales mi, sit amet faucibus elit egestas a. Maecenas a sapien venenatis dolor mattis hendrerit.\n\nPhasellus molestie risus sed erat molestie, ac auctor nibh tempor. Morbi libero magna, hendrerit et auctor in, commodo id diam. In hac habitasse platea dictumst. Mauris sed eros nisi. Sed vulputate hendrerit erat, in molestie nunc eleifend at. Donec ultrices efficitur pellentesque. In placerat risus nec justo rutrum scelerisque. Ut quis ligula quis erat finibus venenatis ac nec metus. Nam semper tincidunt tortor id accumsan.\n\n"}, "commit"=>"Create Post"}
  [1m[36mUser Load (0.1ms)[0m  [1m[34mSELECT "users".* FROM "users" WHERE "users"."id" = $1 ORDER BY "users"."id" ASC LIMIT $2[0m  [["id", 1], ["LIMIT", 1]]
  ↳ app/controllers/application_controller.rb:4:in `authenticate_user!'
  [1m[36mTRANSACTION (0.2ms)[0m  [1m[35mBEGIN[0m
  ↳ app/controllers/posts_controller.rb:23:in `block in create'
  [1m[36mPost Create (1.4ms)[0m  [1m[32mINSERT INTO "posts" ("user_id", "title", "body", "created_at", "updated_at") VALUES ($1, $2, $3, $4, $5) RETURNING "id"[0m  [["user_id", 1], ["title", "Another post"], ["body", "Lorem ipsum dolor sit amet, consectetur adipiscing elit. Curabitur eros ex, dapibus sit amet tempor vel, mattis vitae augue. In metus arcu, maximus luctus pharetra eu, ornare eu massa. Proin cursus diam lacus, a fringilla erat bibendum eu. Nunc eget ante est. Mauris scelerisque turpis id nulla commodo aliquet. In mollis metus sed tortor tristique, vitae ultrices sapien pellentesque. Cras urna ex, imperdiet sit amet laoreet eu, pulvinar et turpis. Phasellus interdum ut velit ut scelerisque. Mauris et lacus consequat, molestie massa ut, scelerisque leo. Maecenas porttitor dui quam, a rhoncus sem tempor nec. Sed ac dapibus tellus. Nunc iaculis lectus quis neque consequat iaculis. Pellentesque mattis sodales mi, sit amet faucibus elit egestas a. Maecenas a sapien venenatis dolor mattis hendrerit.\n\nPhasellus molestie risus sed erat molestie, ac auctor nibh tempor. Morbi libero magna, hendrerit et auctor in, commodo id diam. In hac habitasse platea dictumst. Mauris sed eros nisi. Sed vulputate hendrerit erat, in molestie nunc eleifend at. Donec ultrices efficitur pellentesque. In placerat risus nec justo rutrum scelerisque. Ut quis ligula quis erat finibus venenatis ac nec metus. Nam semper tincidunt tortor id accumsan.\n\n"], ["created_at", "2024-01-06 21:21:28.929970"], ["updated_at", "2024-01-06 21:21:28.929970"]]
  ↳ app/controllers/posts_controller.rb:23:in `block in create'
  [1m[36mTRANSACTION (0.3ms)[0m  [1m[35mCOMMIT[0m
  ↳ app/controllers/posts_controller.rb:23:in `block in create'
Redirected to http://localhost:3000/posts/2
Completed 302 Found in 8ms (ActiveRecord: 2.0ms | Allocations: 5173)


Started GET "/posts/2" for ::1 at 2024-01-06 22:21:28 +0100
Processing by PostsController#show as TURBO_STREAM
  Parameters: {"id"=>"2"}
  [1m[36mPost Load (0.2ms)[0m  [1m[34mSELECT "posts".* FROM "posts" WHERE "posts"."id" = $1 LIMIT $2[0m  [["id", 2], ["LIMIT", 1]]
  ↳ app/controllers/posts_controller.rb:56:in `set_post'
  Rendering layout layouts/application.html.erb
  Rendering posts/show.html.erb within layouts/application
  Rendered posts/_post.html.erb (Duration: 0.3ms | Allocations: 182)
  Rendered posts/show.html.erb within layouts/application (Duration: 2.4ms | Allocations: 1176)
  Rendered layout layouts/application.html.erb (Duration: 3.7ms | Allocations: 2262)
Completed 200 OK in 6ms (Views: 4.1ms | ActiveRecord: 0.2ms | Allocations: 3738)


Started GET "/posts" for ::1 at 2024-01-06 22:21:32 +0100
Processing by PostsController#index as HTML
  Rendering layout layouts/application.html.erb
  Rendering posts/index.html.erb within layouts/application
  [1m[36mUser Load (0.1ms)[0m  [1m[34mSELECT "users".* FROM "users" WHERE "users"."id" = $1 ORDER BY "users"."id" ASC LIMIT $2[0m  [["id", 1], ["LIMIT", 1]]
  ↳ app/views/layouts/_nav.html.erb:4
  Rendered layouts/_nav.html.erb (Duration: 1.8ms | Allocations: 933)
  Rendered layouts/_header.html.erb (Duration: 2.0ms | Allocations: 1004)
  [1m[36mPost Load (0.2ms)[0m  [1m[34mSELECT "posts".* FROM "posts"[0m
  ↳ app/views/posts/index.html.erb:4
  Rendered posts/index.html.erb within layouts/application (Duration: 3.1ms | Allocations: 1598)
  Rendered layout layouts/application.html.erb (Duration: 4.8ms | Allocations: 2696)
Completed 200 OK in 6ms (Views: 4.9ms | ActiveRecord: 0.3ms | Allocations: 2954)


Started GET "/posts/2" for ::1 at 2024-01-06 22:21:35 +0100
Processing by PostsController#show as HTML
  Parameters: {"id"=>"2"}
  [1m[36mPost Load (0.3ms)[0m  [1m[34mSELECT "posts".* FROM "posts" WHERE "posts"."id" = $1 LIMIT $2[0m  [["id", 2], ["LIMIT", 1]]
  ↳ app/controllers/posts_controller.rb:56:in `set_post'
  Rendering layout layouts/application.html.erb
  Rendering posts/show.html.erb within layouts/application
  Rendered posts/_post.html.erb (Duration: 0.1ms | Allocations: 20)
  Rendered posts/show.html.erb within layouts/application (Duration: 0.9ms | Allocations: 467)
  Rendered layout layouts/application.html.erb (Duration: 2.6ms | Allocations: 1551)
Completed 200 OK in 5ms (Views: 3.0ms | ActiveRecord: 0.3ms | Allocations: 2217)


Started GET "/posts" for ::1 at 2024-01-06 22:21:43 +0100
Processing by PostsController#index as HTML
  Rendering layout layouts/application.html.erb
  Rendering posts/index.html.erb within layouts/application
  [1m[36mUser Load (0.2ms)[0m  [1m[34mSELECT "users".* FROM "users" WHERE "users"."id" = $1 ORDER BY "users"."id" ASC LIMIT $2[0m  [["id", 1], ["LIMIT", 1]]
  ↳ app/views/layouts/_nav.html.erb:4
  Rendered layouts/_nav.html.erb (Duration: 2.3ms | Allocations: 951)
  Rendered layouts/_header.html.erb (Duration: 2.4ms | Allocations: 1022)
  [1m[36mPost Load (0.3ms)[0m  [1m[34mSELECT "posts".* FROM "posts"[0m
  ↳ app/views/posts/index.html.erb:4
  Rendered posts/index.html.erb within layouts/application (Duration: 3.8ms | Allocations: 1616)
  Rendered layout layouts/application.html.erb (Duration: 5.7ms | Allocations: 2714)
Completed 200 OK in 7ms (Views: 5.8ms | ActiveRecord: 0.4ms | Allocations: 2972)


Started GET "/about/index" for ::1 at 2024-01-06 22:21:50 +0100
Processing by AboutController#index as HTML
  Rendering layout layouts/application.html.erb
  Rendering about/index.html.erb within layouts/application
  [1m[36mUser Load (0.1ms)[0m  [1m[34mSELECT "users".* FROM "users" WHERE "users"."id" = $1 ORDER BY "users"."id" ASC LIMIT $2[0m  [["id", 1], ["LIMIT", 1]]
  ↳ app/views/layouts/_nav.html.erb:4
  Rendered layouts/_nav.html.erb (Duration: 1.8ms | Allocations: 943)
  Rendered layouts/_header.html.erb (Duration: 1.9ms | Allocations: 1014)
  Rendered about/index.html.erb within layouts/application (Duration: 2.4ms | Allocations: 1202)
  Rendered layout layouts/application.html.erb (Duration: 4.4ms | Allocations: 2327)
Completed 200 OK in 6ms (Views: 5.1ms | ActiveRecord: 0.1ms | Allocations: 2850)


Started GET "/" for ::1 at 2024-01-06 22:51:57 +0100
  [1m[36mActiveRecord::SchemaMigration Load (0.5ms)[0m  [1m[34mSELECT "schema_migrations"."version" FROM "schema_migrations" ORDER BY "schema_migrations"."version" ASC[0m
Processing by PostsController#index as HTML
  Rendering layout layouts/application.html.erb
  Rendering posts/index.html.erb within layouts/application
  [1m[36mUser Load (0.4ms)[0m  [1m[34mSELECT "users".* FROM "users" WHERE "users"."id" = $1 ORDER BY "users"."id" ASC LIMIT $2[0m  [["id", 1], ["LIMIT", 1]]
  ↳ app/views/layouts/_nav.html.erb:4
  Rendered layouts/_nav.html.erb (Duration: 42.1ms | Allocations: 20186)
  Rendered layouts/_header.html.erb (Duration: 42.8ms | Allocations: 20489)
  [1m[36mPost Load (0.5ms)[0m  [1m[34mSELECT "posts".* FROM "posts"[0m
  ↳ app/views/posts/index.html.erb:4
  Rendered posts/index.html.erb within layouts/application (Duration: 53.6ms | Allocations: 26766)
  Rendered layout layouts/application.html.erb (Duration: 139.9ms | Allocations: 66759)
Completed 200 OK in 377ms (Views: 130.9ms | ActiveRecord: 12.9ms | Allocations: 353385)


Started GET "/about/index" for ::1 at 2024-01-06 22:51:59 +0100
Processing by AboutController#index as HTML
  Rendering layout layouts/application.html.erb
  Rendering about/index.html.erb within layouts/application
  [1m[36mUser Load (0.2ms)[0m  [1m[34mSELECT "users".* FROM "users" WHERE "users"."id" = $1 ORDER BY "users"."id" ASC LIMIT $2[0m  [["id", 1], ["LIMIT", 1]]
  ↳ app/views/layouts/_nav.html.erb:4
  Rendered layouts/_nav.html.erb (Duration: 2.0ms | Allocations: 950)
  Rendered layouts/_header.html.erb (Duration: 2.2ms | Allocations: 1021)
  Rendered about/index.html.erb within layouts/application (Duration: 2.6ms | Allocations: 1205)
  Rendered layout layouts/application.html.erb (Duration: 4.1ms | Allocations: 2319)
Completed 200 OK in 6ms (Views: 4.8ms | ActiveRecord: 0.2ms | Allocations: 2845)


Started GET "/posts" for ::1 at 2024-01-06 22:52:00 +0100
Processing by PostsController#index as HTML
  Rendering layout layouts/application.html.erb
  Rendering posts/index.html.erb within layouts/application
  [1m[36mUser Load (0.2ms)[0m  [1m[34mSELECT "users".* FROM "users" WHERE "users"."id" = $1 ORDER BY "users"."id" ASC LIMIT $2[0m  [["id", 1], ["LIMIT", 1]]
  ↳ app/views/layouts/_nav.html.erb:4
  Rendered layouts/_nav.html.erb (Duration: 2.2ms | Allocations: 934)
  Rendered layouts/_header.html.erb (Duration: 2.4ms | Allocations: 1005)
  [1m[36mPost Load (0.2ms)[0m  [1m[34mSELECT "posts".* FROM "posts"[0m
  ↳ app/views/posts/index.html.erb:4
  Rendered posts/index.html.erb within layouts/application (Duration: 3.6ms | Allocations: 1600)
  Rendered layout layouts/application.html.erb (Duration: 5.3ms | Allocations: 2700)
Completed 200 OK in 6ms (Views: 5.3ms | ActiveRecord: 0.4ms | Allocations: 2964)


Started GET "/about/index" for ::1 at 2024-01-06 22:52:00 +0100
Processing by AboutController#index as HTML
  Rendering layout layouts/application.html.erb
  Rendering about/index.html.erb within layouts/application
  [1m[36mUser Load (0.3ms)[0m  [1m[34mSELECT "users".* FROM "users" WHERE "users"."id" = $1 ORDER BY "users"."id" ASC LIMIT $2[0m  [["id", 1], ["LIMIT", 1]]
  ↳ app/views/layouts/_nav.html.erb:4
  Rendered layouts/_nav.html.erb (Duration: 2.7ms | Allocations: 950)
  Rendered layouts/_header.html.erb (Duration: 2.9ms | Allocations: 1021)
  Rendered about/index.html.erb within layouts/application (Duration: 3.0ms | Allocations: 1091)
  Rendered layout layouts/application.html.erb (Duration: 4.7ms | Allocations: 2191)
Completed 200 OK in 6ms (Views: 4.9ms | ActiveRecord: 0.3ms | Allocations: 2439)


Started DELETE "/users/sign_out" for ::1 at 2024-01-06 22:52:01 +0100
Processing by Devise::SessionsController#destroy as TURBO_STREAM
  [1m[36mUser Load (0.3ms)[0m  [1m[34mSELECT "users".* FROM "users" WHERE "users"."id" = $1 ORDER BY "users"."id" ASC LIMIT $2[0m  [["id", 1], ["LIMIT", 1]]
Redirected to http://localhost:3000/
Completed 303 See Other in 7ms (ActiveRecord: 0.3ms | Allocations: 3223)


Started GET "/" for ::1 at 2024-01-06 22:52:01 +0100
Processing by PostsController#index as TURBO_STREAM
  Rendering layout layouts/application.html.erb
  Rendering posts/index.html.erb within layouts/application
  Rendered layouts/_nav.html.erb (Duration: 2.2ms | Allocations: 404)
  Rendered layouts/_header.html.erb (Duration: 2.3ms | Allocations: 475)
  [1m[36mPost Load (0.3ms)[0m  [1m[34mSELECT "posts".* FROM "posts"[0m
  ↳ app/views/posts/index.html.erb:4
  Rendered posts/index.html.erb within layouts/application (Duration: 3.8ms | Allocations: 1117)
  Rendered layout layouts/application.html.erb (Duration: 5.4ms | Allocations: 2230)
Completed 200 OK in 6ms (Views: 5.5ms | ActiveRecord: 0.3ms | Allocations: 2535)


Started GET "/about/index" for ::1 at 2024-01-06 22:52:02 +0100
Processing by AboutController#index as HTML
  Rendering layout layouts/application.html.erb
  Rendering about/index.html.erb within layouts/application
  Rendered layouts/_nav.html.erb (Duration: 0.5ms | Allocations: 334)
  Rendered layouts/_header.html.erb (Duration: 0.6ms | Allocations: 405)
  Rendered about/index.html.erb within layouts/application (Duration: 0.8ms | Allocations: 475)
  Rendered layout layouts/application.html.erb (Duration: 2.4ms | Allocations: 1575)
Completed 200 OK in 3ms (Views: 2.7ms | ActiveRecord: 0.0ms | Allocations: 1821)


